Using pre-set license
Built from '2021.3/staging' branch; Version is '2021.3.8f1 (b30333d56e81) revision 11731763'; Using compiler version '192829333'; Build Type 'Release'
OS: 'Windows 10  (10.0.19045) 64bit Core' Language: 'en' Physical Memory: 8137 MB
BatchMode: 1, IsHumanControllingUs: 0, StartBugReporterOnCrash: 0, Is64bit: 1, IsPro: 1

COMMAND LINE ARGUMENTS:
C:\Program Files\Unity\Hub\Editor\2021.3.8f1\Editor\Unity.exe
-adb2
-batchMode
-noUpm
-name
AssetImportWorker0
-projectPath
C:/Users/Issy/Documents/GitHub/HappyHamlet/TenantManager
-logFile
Logs/AssetImportWorker0.log
-srvPort
49419
Successfully changed project path to: C:/Users/Issy/Documents/GitHub/HappyHamlet/TenantManager
C:/Users/Issy/Documents/GitHub/HappyHamlet/TenantManager
[UnityMemory] Configuration Parameters - Can be set up in boot.config
    "memorysetup-bucket-allocator-granularity=16"
    "memorysetup-bucket-allocator-bucket-count=8"
    "memorysetup-bucket-allocator-block-size=33554432"
    "memorysetup-bucket-allocator-block-count=8"
    "memorysetup-main-allocator-block-size=16777216"
    "memorysetup-thread-allocator-block-size=16777216"
    "memorysetup-gfx-main-allocator-block-size=16777216"
    "memorysetup-gfx-thread-allocator-block-size=16777216"
    "memorysetup-cache-allocator-block-size=4194304"
    "memorysetup-typetree-allocator-block-size=2097152"
    "memorysetup-profiler-bucket-allocator-granularity=16"
    "memorysetup-profiler-bucket-allocator-bucket-count=8"
    "memorysetup-profiler-bucket-allocator-block-size=33554432"
    "memorysetup-profiler-bucket-allocator-block-count=8"
    "memorysetup-profiler-allocator-block-size=16777216"
    "memorysetup-profiler-editor-allocator-block-size=1048576"
    "memorysetup-temp-allocator-size-main=16777216"
    "memorysetup-job-temp-allocator-block-size=2097152"
    "memorysetup-job-temp-allocator-block-size-background=1048576"
    "memorysetup-job-temp-allocator-reduction-small-platforms=262144"
    "memorysetup-temp-allocator-size-background-worker=32768"
    "memorysetup-temp-allocator-size-job-worker=262144"
    "memorysetup-temp-allocator-size-preload-manager=33554432"
    "memorysetup-temp-allocator-size-nav-mesh-worker=65536"
    "memorysetup-temp-allocator-size-audio-worker=65536"
    "memorysetup-temp-allocator-size-cloud-worker=32768"
    "memorysetup-temp-allocator-size-gi-baking-worker=262144"
    "memorysetup-temp-allocator-size-gfx=262144"
Refreshing native plugins compatible for Editor in 92.83 ms, found 2 plugins.
Preloading 0 native plugins for Editor in 0.00 ms.
Initialize engine version: 2021.3.8f1 (b30333d56e81)
[Subsystems] Discovering subsystems at path C:/Program Files/Unity/Hub/Editor/2021.3.8f1/Editor/Data/Resources/UnitySubsystems
[Subsystems] Discovering subsystems at path C:/Users/Issy/Documents/GitHub/HappyHamlet/TenantManager/Assets
GfxDevice: creating device client; threaded=0; jobified=0
Direct3D:
    Version:  Direct3D 11.0 [level 11.1]
    Renderer: NVIDIA GeForce GTX 1050 Ti (ID=0x1c82)
    Vendor:   NVIDIA
    VRAM:     4018 MB
    Driver:   31.0.15.1694
Initialize mono
Mono path[0] = 'C:/Program Files/Unity/Hub/Editor/2021.3.8f1/Editor/Data/Managed'
Mono path[1] = 'C:/Program Files/Unity/Hub/Editor/2021.3.8f1/Editor/Data/MonoBleedingEdge/lib/mono/unityjit-win32'
Mono config path = 'C:/Program Files/Unity/Hub/Editor/2021.3.8f1/Editor/Data/MonoBleedingEdge/etc'
Using monoOptions --debugger-agent=transport=dt_socket,embedding=1,server=y,suspend=n,address=127.0.0.1:56368
Begin MonoManager ReloadAssembly
Registering precompiled unity dll's ...
Register platform support module: C:/Program Files/Unity/Hub/Editor/2021.3.8f1/Editor/Data/PlaybackEngines/AndroidPlayer/UnityEditor.Android.Extensions.dll
Register platform support module: C:/Program Files/Unity/Hub/Editor/2021.3.8f1/Editor/Data/PlaybackEngines/WindowsStandaloneSupport/UnityEditor.WindowsStandalone.Extensions.dll
Registered in 0.023123 seconds.
Native extension for WindowsStandalone target not found
Native extension for Android target not found
Refreshing native plugins compatible for Editor in 73.79 ms, found 2 plugins.
Preloading 0 native plugins for Editor in 0.00 ms.
Mono: successfully reloaded assembly
- Completed reload, in  2.074 seconds
Domain Reload Profiling:
	ReloadAssembly (2076ms)
		BeginReloadAssembly (288ms)
			ExecutionOrderSort (0ms)
			DisableScriptedObjects (0ms)
			BackupInstance (0ms)
			ReleaseScriptingObjects (0ms)
			CreateAndSetChildDomain (4ms)
		EndReloadAssembly (1537ms)
			LoadAssemblies (273ms)
			RebuildTransferFunctionScriptingTraits (0ms)
			SetupTypeCache (748ms)
			ReleaseScriptCaches (0ms)
			RebuildScriptCaches (85ms)
			SetupLoadedEditorAssemblies (556ms)
				LogAssemblyErrors (0ms)
				InitializePlatformSupportModulesInManaged (151ms)
				SetLoadedEditorAssemblies (0ms)
				RefreshPlugins (74ms)
				BeforeProcessingInitializeOnLoad (3ms)
				ProcessInitializeOnLoadAttributes (218ms)
				ProcessInitializeOnLoadMethodAttributes (108ms)
				AfterProcessingInitializeOnLoad (0ms)
				EditorAssembliesLoaded (1ms)
			ExecutionOrderSort2 (0ms)
			AwakeInstancesAfterBackupRestoration (0ms)
Platform modules already initialized, skipping
Registering precompiled user dll's ...
Registered in 0.023403 seconds.
Begin MonoManager ReloadAssembly
Native extension for WindowsStandalone target not found
Native extension for Android target not found
Refreshing native plugins compatible for Editor in 0.85 ms, found 2 plugins.
Preloading 0 native plugins for Editor in 0.00 ms.
Mono: successfully reloaded assembly
- Completed reload, in  2.390 seconds
Domain Reload Profiling:
	ReloadAssembly (2392ms)
		BeginReloadAssembly (374ms)
			ExecutionOrderSort (0ms)
			DisableScriptedObjects (14ms)
			BackupInstance (0ms)
			ReleaseScriptingObjects (0ms)
			CreateAndSetChildDomain (146ms)
		EndReloadAssembly (1776ms)
			LoadAssemblies (206ms)
			RebuildTransferFunctionScriptingTraits (0ms)
			SetupTypeCache (416ms)
			ReleaseScriptCaches (1ms)
			RebuildScriptCaches (260ms)
			SetupLoadedEditorAssemblies (773ms)
				LogAssemblyErrors (0ms)
				InitializePlatformSupportModulesInManaged (38ms)
				SetLoadedEditorAssemblies (1ms)
				RefreshPlugins (1ms)
				BeforeProcessingInitializeOnLoad (124ms)
				ProcessInitializeOnLoadAttributes (522ms)
				ProcessInitializeOnLoadMethodAttributes (63ms)
				AfterProcessingInitializeOnLoad (24ms)
				EditorAssembliesLoaded (0ms)
			ExecutionOrderSort2 (0ms)
			AwakeInstancesAfterBackupRestoration (11ms)
Platform modules already initialized, skipping
========================================================================
Worker process is ready to serve import requests
Launched and connected shader compiler UnityShaderCompiler.exe after 0.14 seconds
Refreshing native plugins compatible for Editor in 0.92 ms, found 2 plugins.
Preloading 0 native plugins for Editor in 0.00 ms.
Unloading 1698 Unused Serialized files (Serialized files now loaded: 0)
Unloading 19 unused Assets / (47.8 KB). Loaded Objects now: 2167.
Memory consumption went from 74.9 MB to 74.9 MB.
Total: 7.792000 ms (FindLiveObjects: 0.568200 ms CreateObjectMapping: 1.243400 ms MarkObjects: 5.801200 ms  DeleteObjects: 0.176900 ms)

AssetImportParameters requested are different than current active one (requested -> active):
  custom:video-decoder-ogg-theora: a1e56fd34408186e4bbccfd4996cb3dc -> 
  custom:container-muxer-webm: aa71ff27fc2769a1b78a27578f13a17b -> 
  custom:container-demuxer-webm: 4f35f7cbe854078d1ac9338744f61a02 -> 
  custom:video-encoder-webm-vp8: eb34c28f22e8b96e1ab97ce403110664 -> 
  custom:video-codec-MediaFoundation-h265: 746d11721c4dcdbdad8f713fa42b33f4 -> 
  custom:audio-encoder-webm-vorbis: bf7c407c2cedff20999df2af8eb42d56 -> 
  custom:framework-win-MediaFoundation: 216162199b28c13a410421893ffa2e32 -> 
  custom:container-demuxer-ogg: 62fdf1f143b41e24485cea50d1cbac27 -> 
  custom:video-decoder-webm-vp8: 9c59270c3fd7afecdb556c50c9e8de78 -> 
  custom:audio-decoder-ogg-vorbis: bf7c407c2cedff20999df2af8eb42d56 -> 
========================================================================
Received Import Request.
  Time since last request: 282906.403820 seconds.
  path: Assets/Snowconesolid Assets/Block People/Block_People_PREFABS/Block_People_Mobile/Blocky_Dude_Blue_Mobile_2.prefab
  artifactKey: Guid(ca93ca6803379d84f89604885ac45d0e) Importer(815301076,1909f56bfc062723c751e8b465ee728b)
Start importing Assets/Snowconesolid Assets/Block People/Block_People_PREFABS/Block_People_Mobile/Blocky_Dude_Blue_Mobile_2.prefab using Guid(ca93ca6803379d84f89604885ac45d0e) Importer(815301076,1909f56bfc062723c751e8b465ee728b)  -> (artifact id: '662ecae33bc26b3aae881f23601e4311') in 1.559172 seconds 
========================================================================
Received Import Request.
  Time since last request: 0.000063 seconds.
  path: Assets/Snowconesolid Assets/Block People/Block_People_PREFABS/Block_People_Mobile/Blocky_Dude_Green_Mobile_2.prefab
  artifactKey: Guid(ad75cd28d1c210842b8552ff9026566b) Importer(815301076,1909f56bfc062723c751e8b465ee728b)
Start importing Assets/Snowconesolid Assets/Block People/Block_People_PREFABS/Block_People_Mobile/Blocky_Dude_Green_Mobile_2.prefab using Guid(ad75cd28d1c210842b8552ff9026566b) Importer(815301076,1909f56bfc062723c751e8b465ee728b)  -> (artifact id: 'afc49a7cb58748d4a42cf2ad01545879') in 0.282954 seconds 
========================================================================
Received Import Request.
  Time since last request: 0.000083 seconds.
  path: Assets/Snowconesolid Assets/Block People/Block_People_PREFABS/Block_People_Mobile/Blocky_Dude_Red_Mobile.prefab
  artifactKey: Guid(df80030eb51d10945a8ae7d3ede370ab) Importer(815301076,1909f56bfc062723c751e8b465ee728b)
Start importing Assets/Snowconesolid Assets/Block People/Block_People_PREFABS/Block_People_Mobile/Blocky_Dude_Red_Mobile.prefab using Guid(df80030eb51d10945a8ae7d3ede370ab) Importer(815301076,1909f56bfc062723c751e8b465ee728b)  -> (artifact id: '0b74998d617b1ad205878d810d4cecf0') in 0.455693 seconds 
========================================================================
Received Import Request.
  Time since last request: 0.000112 seconds.
  path: Assets/Snowconesolid Assets/Block People/Block_People_PREFABS/Block_People_Mobile
  artifactKey: Guid(ae5f77309416a7641b77e97a0758384b) Importer(815301076,1909f56bfc062723c751e8b465ee728b)
Start importing Assets/Snowconesolid Assets/Block People/Block_People_PREFABS/Block_People_Mobile using Guid(ae5f77309416a7641b77e97a0758384b) Importer(815301076,1909f56bfc062723c751e8b465ee728b)  -> (artifact id: '21445b1d0564c78028dbf96748b42fd8') in 0.119974 seconds 
========================================================================
Received Import Request.
  Time since last request: 0.000087 seconds.
  path: Assets/Snowconesolid Assets/Block People/Block_People_PREFABS/Block_People_Mobile/Blocky_Girl_Blue_Mobile.prefab
  artifactKey: Guid(839d9dc6614c2c54aa799b33e4d6d1a4) Importer(815301076,1909f56bfc062723c751e8b465ee728b)
Start importing Assets/Snowconesolid Assets/Block People/Block_People_PREFABS/Block_People_Mobile/Blocky_Girl_Blue_Mobile.prefab using Guid(839d9dc6614c2c54aa799b33e4d6d1a4) Importer(815301076,1909f56bfc062723c751e8b465ee728b)  -> (artifact id: '26bc5e0f25b87c5ebb49edfde4b876a5') in 0.341822 seconds 
========================================================================
Received Import Request.
  Time since last request: 0.000083 seconds.
  path: Assets/Snowconesolid Assets/Block People/Block_People_PREFABS/Block_People_Mobile/Blocky_Girl_Red_Mobile_2.prefab
  artifactKey: Guid(9cb8abde5a6d5684f8d9ba5d3e738297) Importer(815301076,1909f56bfc062723c751e8b465ee728b)
Start importing Assets/Snowconesolid Assets/Block People/Block_People_PREFABS/Block_People_Mobile/Blocky_Girl_Red_Mobile_2.prefab using Guid(9cb8abde5a6d5684f8d9ba5d3e738297) Importer(815301076,1909f56bfc062723c751e8b465ee728b)  -> (artifact id: '799af161505aeb4fd3d1fcaff9203979') in 0.273434 seconds 
========================================================================
Received Import Request.
  Time since last request: 0.000077 seconds.
  path: Assets/Snowconesolid Assets/Block People/Block_People_PREFABS
  artifactKey: Guid(cfe4fad531d0c944dbc0eebbcf26e186) Importer(815301076,1909f56bfc062723c751e8b465ee728b)
Start importing Assets/Snowconesolid Assets/Block People/Block_People_PREFABS using Guid(cfe4fad531d0c944dbc0eebbcf26e186) Importer(815301076,1909f56bfc062723c751e8b465ee728b)  -> (artifact id: '47946ca69f44795572cbe583f3a95c67') in 0.052146 seconds 
========================================================================
Received Import Request.
  Time since last request: 0.000049 seconds.
  path: Assets/Snowconesolid Assets/Block People/Block_People_PREFABS/Block_People_Mobile/Blocky_Dude_Green_Mobile.prefab
  artifactKey: Guid(ec11d15f7c6b7d144b254ef39ef5e771) Importer(815301076,1909f56bfc062723c751e8b465ee728b)
Start importing Assets/Snowconesolid Assets/Block People/Block_People_PREFABS/Block_People_Mobile/Blocky_Dude_Green_Mobile.prefab using Guid(ec11d15f7c6b7d144b254ef39ef5e771) Importer(815301076,1909f56bfc062723c751e8b465ee728b)  -> (artifact id: 'ea4b95d3232a01cade6c3dc6d87dd90a') in 0.276548 seconds 
========================================================================
Received Import Request.
  Time since last request: 0.000052 seconds.
  path: Assets/Snowconesolid Assets/Block People/Block_People_PREFABS/Block_People_Mobile/Blocky_Girl_Green_Mobile.prefab
  artifactKey: Guid(6c3f44416aaec9a4c861dcfcbe599504) Importer(815301076,1909f56bfc062723c751e8b465ee728b)
Start importing Assets/Snowconesolid Assets/Block People/Block_People_PREFABS/Block_People_Mobile/Blocky_Girl_Green_Mobile.prefab using Guid(6c3f44416aaec9a4c861dcfcbe599504) Importer(815301076,1909f56bfc062723c751e8b465ee728b)  -> (artifact id: '0fa97c86fe4a10b3b97372a57b4539ff') in 0.581974 seconds 
========================================================================
Received Import Request.
  Time since last request: 0.000160 seconds.
  path: Assets/Snowconesolid Assets/Block People/Block_People_PREFABS/Block_People_Mobile/Blocky_Girl_Green_Mobile_2.prefab
  artifactKey: Guid(e8a1764cc4256ce4db6efb4aed6e159a) Importer(815301076,1909f56bfc062723c751e8b465ee728b)
Start importing Assets/Snowconesolid Assets/Block People/Block_People_PREFABS/Block_People_Mobile/Blocky_Girl_Green_Mobile_2.prefab using Guid(e8a1764cc4256ce4db6efb4aed6e159a) Importer(815301076,1909f56bfc062723c751e8b465ee728b)  -> (artifact id: '81a35592c6c5ec446ed236b78c1f6b69') in 0.273737 seconds 
========================================================================
Received Import Request.
  Time since last request: 0.000058 seconds.
  path: Assets/Snowconesolid Assets/Block People/Block_People_PREFABS/Block_People_Mobile/Blocky_Dude_Red_Mobile_2.prefab
  artifactKey: Guid(2a4b106be5fc467468239514932eff41) Importer(815301076,1909f56bfc062723c751e8b465ee728b)
Start importing Assets/Snowconesolid Assets/Block People/Block_People_PREFABS/Block_People_Mobile/Blocky_Dude_Red_Mobile_2.prefab using Guid(2a4b106be5fc467468239514932eff41) Importer(815301076,1909f56bfc062723c751e8b465ee728b)  -> (artifact id: '5d7fb5cc96687557a8ba78fd01856026') in 0.452594 seconds 
========================================================================
Received Import Request.
  Time since last request: 0.000152 seconds.
  path: Assets/Snowconesolid Assets/Block People/Block_People_PREFABS/Block_People_Mobile/Blocky_Girl_Red_Mobile.prefab
  artifactKey: Guid(288362e8c4fadf74fa9186e70ffefd4e) Importer(815301076,1909f56bfc062723c751e8b465ee728b)
Start importing Assets/Snowconesolid Assets/Block People/Block_People_PREFABS/Block_People_Mobile/Blocky_Girl_Red_Mobile.prefab using Guid(288362e8c4fadf74fa9186e70ffefd4e) Importer(815301076,1909f56bfc062723c751e8b465ee728b)  -> (artifact id: '0d7149ff6e97efc499c273ac02c8448e') in 0.470829 seconds 
========================================================================
Received Import Request.
  Time since last request: 0.000056 seconds.
  path: Assets/Snowconesolid Assets/Block People/Block_People_PREFABS/Block_People_Mobile/Blocky_Dude_Blue_Mobile.prefab
  artifactKey: Guid(7498a29cb76d6524d99ed6b8b7903418) Importer(815301076,1909f56bfc062723c751e8b465ee728b)
Start importing Assets/Snowconesolid Assets/Block People/Block_People_PREFABS/Block_People_Mobile/Blocky_Dude_Blue_Mobile.prefab using Guid(7498a29cb76d6524d99ed6b8b7903418) Importer(815301076,1909f56bfc062723c751e8b465ee728b)  -> (artifact id: '68515e900b5222cc2c7395496a6225d0') in 0.337422 seconds 
========================================================================
Received Import Request.
  Time since last request: 0.000077 seconds.
  path: Assets/Snowconesolid Assets/Block People/Block_People_PREFABS/Block_People_Mobile/Blocky_Girl_Blue_Mobile_2.prefab
  artifactKey: Guid(d48eacce39d421b4a8754bff174cc28d) Importer(815301076,1909f56bfc062723c751e8b465ee728b)
Start importing Assets/Snowconesolid Assets/Block People/Block_People_PREFABS/Block_People_Mobile/Blocky_Girl_Blue_Mobile_2.prefab using Guid(d48eacce39d421b4a8754bff174cc28d) Importer(815301076,1909f56bfc062723c751e8b465ee728b)  -> (artifact id: '97a2e84f01f42f7beffe0f5e3576f32a') in 0.245372 seconds 
========================================================================
Received Import Request.
  Time since last request: 7708.417416 seconds.
  path: Assets/Scripts/TenantMoveInput.cs
  artifactKey: Guid(f666490373af49b4f9f5a71741022001) Importer(815301076,1909f56bfc062723c751e8b465ee728b)
Start importing Assets/Scripts/TenantMoveInput.cs using Guid(f666490373af49b4f9f5a71741022001) Importer(815301076,1909f56bfc062723c751e8b465ee728b)  -> (artifact id: 'adf94cefe82fe8e52962b99eedd468c9') in 1.107146 seconds 
========================================================================
Received Prepare
Registering precompiled user dll's ...
Registered in 0.016588 seconds.
Begin MonoManager ReloadAssembly
Native extension for WindowsStandalone target not found
Native extension for Android target not found
Refreshing native plugins compatible for Editor in 1.38 ms, found 2 plugins.
Preloading 0 native plugins for Editor in 0.00 ms.
Mono: successfully reloaded assembly
- Completed reload, in  3.462 seconds
Domain Reload Profiling:
	ReloadAssembly (3463ms)
		BeginReloadAssembly (350ms)
			ExecutionOrderSort (0ms)
			DisableScriptedObjects (10ms)
			BackupInstance (0ms)
			ReleaseScriptingObjects (0ms)
			CreateAndSetChildDomain (108ms)
		EndReloadAssembly (2534ms)
			LoadAssemblies (239ms)
			RebuildTransferFunctionScriptingTraits (0ms)
			SetupTypeCache (590ms)
			ReleaseScriptCaches (2ms)
			RebuildScriptCaches (72ms)
			SetupLoadedEditorAssemblies (1246ms)
				LogAssemblyErrors (0ms)
				InitializePlatformSupportModulesInManaged (329ms)
				SetLoadedEditorAssemblies (3ms)
				RefreshPlugins (2ms)
				BeforeProcessingInitializeOnLoad (302ms)
				ProcessInitializeOnLoadAttributes (526ms)
				ProcessInitializeOnLoadMethodAttributes (61ms)
				AfterProcessingInitializeOnLoad (24ms)
				EditorAssembliesLoaded (0ms)
			ExecutionOrderSort2 (0ms)
			AwakeInstancesAfterBackupRestoration (13ms)
Platform modules already initialized, skipping
Refreshing native plugins compatible for Editor in 5.27 ms, found 2 plugins.
Preloading 0 native plugins for Editor in 0.00 ms.
Unloading 1681 Unused Serialized files (Serialized files now loaded: 0)
Unloading 12 unused Assets / (24.6 KB). Loaded Objects now: 2182.
Memory consumption went from 91.6 MB to 91.6 MB.
Total: 103.105600 ms (FindLiveObjects: 0.313500 ms CreateObjectMapping: 0.108400 ms MarkObjects: 102.229800 ms  DeleteObjects: 0.449000 ms)

AssetImportParameters requested are different than current active one (requested -> active):
  custom:video-decoder-ogg-theora: a1e56fd34408186e4bbccfd4996cb3dc -> 
  custom:container-muxer-webm: aa71ff27fc2769a1b78a27578f13a17b -> 
  custom:container-demuxer-webm: 4f35f7cbe854078d1ac9338744f61a02 -> 
  custom:video-encoder-webm-vp8: eb34c28f22e8b96e1ab97ce403110664 -> 
  custom:video-codec-MediaFoundation-h265: 746d11721c4dcdbdad8f713fa42b33f4 -> 
  custom:audio-encoder-webm-vorbis: bf7c407c2cedff20999df2af8eb42d56 -> 
  custom:framework-win-MediaFoundation: 216162199b28c13a410421893ffa2e32 -> 
  custom:container-demuxer-ogg: 62fdf1f143b41e24485cea50d1cbac27 -> 
  custom:video-decoder-webm-vp8: 9c59270c3fd7afecdb556c50c9e8de78 -> 
  custom:audio-decoder-ogg-vorbis: bf7c407c2cedff20999df2af8eb42d56 -> 
========================================================================
Received Import Request.
  Time since last request: 422.131245 seconds.
  path: Assets/Scripts/TenantMoveInput.cs
  artifactKey: Guid(f666490373af49b4f9f5a71741022001) Importer(815301076,1909f56bfc062723c751e8b465ee728b)
Start importing Assets/Scripts/TenantMoveInput.cs using Guid(f666490373af49b4f9f5a71741022001) Importer(815301076,1909f56bfc062723c751e8b465ee728b)  -> (artifact id: 'd508c9edfa43d725aba76f4004b722f0') in 0.012296 seconds 
========================================================================
Received Prepare
Registering precompiled user dll's ...
Registered in 0.016241 seconds.
Begin MonoManager ReloadAssembly
Native extension for WindowsStandalone target not found
Native extension for Android target not found
Refreshing native plugins compatible for Editor in 0.78 ms, found 2 plugins.
Preloading 0 native plugins for Editor in 0.00 ms.
Mono: successfully reloaded assembly
- Completed reload, in  2.286 seconds
Domain Reload Profiling:
	ReloadAssembly (2288ms)
		BeginReloadAssembly (351ms)
			ExecutionOrderSort (0ms)
			DisableScriptedObjects (16ms)
			BackupInstance (0ms)
			ReleaseScriptingObjects (0ms)
			CreateAndSetChildDomain (74ms)
		EndReloadAssembly (1613ms)
			LoadAssemblies (265ms)
			RebuildTransferFunctionScriptingTraits (0ms)
			SetupTypeCache (479ms)
			ReleaseScriptCaches (2ms)
			RebuildScriptCaches (95ms)
			SetupLoadedEditorAssemblies (738ms)
				LogAssemblyErrors (0ms)
				InitializePlatformSupportModulesInManaged (75ms)
				SetLoadedEditorAssemblies (1ms)
				RefreshPlugins (1ms)
				BeforeProcessingInitializeOnLoad (155ms)
				ProcessInitializeOnLoadAttributes (427ms)
				ProcessInitializeOnLoadMethodAttributes (56ms)
				AfterProcessingInitializeOnLoad (22ms)
				EditorAssembliesLoaded (0ms)
			ExecutionOrderSort2 (0ms)
			AwakeInstancesAfterBackupRestoration (14ms)
Platform modules already initialized, skipping
Refreshing native plugins compatible for Editor in 4.28 ms, found 2 plugins.
Preloading 0 native plugins for Editor in 0.00 ms.
Unloading 1682 Unused Serialized files (Serialized files now loaded: 0)
Unloading 12 unused Assets / (24.7 KB). Loaded Objects now: 2186.
Memory consumption went from 91.7 MB to 91.6 MB.
Total: 23.189300 ms (FindLiveObjects: 0.258000 ms CreateObjectMapping: 0.070200 ms MarkObjects: 22.810500 ms  DeleteObjects: 0.047700 ms)

AssetImportParameters requested are different than current active one (requested -> active):
  custom:video-decoder-ogg-theora: a1e56fd34408186e4bbccfd4996cb3dc -> 
  custom:container-muxer-webm: aa71ff27fc2769a1b78a27578f13a17b -> 
  custom:container-demuxer-webm: 4f35f7cbe854078d1ac9338744f61a02 -> 
  custom:video-encoder-webm-vp8: eb34c28f22e8b96e1ab97ce403110664 -> 
  custom:video-codec-MediaFoundation-h265: 746d11721c4dcdbdad8f713fa42b33f4 -> 
  custom:audio-encoder-webm-vorbis: bf7c407c2cedff20999df2af8eb42d56 -> 
  custom:framework-win-MediaFoundation: 216162199b28c13a410421893ffa2e32 -> 
  custom:container-demuxer-ogg: 62fdf1f143b41e24485cea50d1cbac27 -> 
  custom:video-decoder-webm-vp8: 9c59270c3fd7afecdb556c50c9e8de78 -> 
  custom:audio-decoder-ogg-vorbis: bf7c407c2cedff20999df2af8eb42d56 -> 
========================================================================
Received Prepare
Registering precompiled user dll's ...
Registered in 0.078945 seconds.
Begin MonoManager ReloadAssembly
Native extension for WindowsStandalone target not found
Native extension for Android target not found
Refreshing native plugins compatible for Editor in 1.76 ms, found 2 plugins.
Preloading 0 native plugins for Editor in 0.00 ms.
Mono: successfully reloaded assembly
- Completed reload, in  3.637 seconds
Domain Reload Profiling:
	ReloadAssembly (3638ms)
		BeginReloadAssembly (349ms)
			ExecutionOrderSort (0ms)
			DisableScriptedObjects (11ms)
			BackupInstance (0ms)
			ReleaseScriptingObjects (0ms)
			CreateAndSetChildDomain (60ms)
		EndReloadAssembly (2878ms)
			LoadAssemblies (275ms)
			RebuildTransferFunctionScriptingTraits (0ms)
			SetupTypeCache (465ms)
			ReleaseScriptCaches (2ms)
			RebuildScriptCaches (524ms)
			SetupLoadedEditorAssemblies (1582ms)
				LogAssemblyErrors (0ms)
				InitializePlatformSupportModulesInManaged (85ms)
				SetLoadedEditorAssemblies (2ms)
				RefreshPlugins (2ms)
				BeforeProcessingInitializeOnLoad (566ms)
				ProcessInitializeOnLoadAttributes (795ms)
				ProcessInitializeOnLoadMethodAttributes (94ms)
				AfterProcessingInitializeOnLoad (37ms)
				EditorAssembliesLoaded (1ms)
			ExecutionOrderSort2 (0ms)
			AwakeInstancesAfterBackupRestoration (21ms)
Platform modules already initialized, skipping
Refreshing native plugins compatible for Editor in 5.11 ms, found 2 plugins.
Preloading 0 native plugins for Editor in 0.00 ms.
Unloading 1682 Unused Serialized files (Serialized files now loaded: 0)
Unloading 12 unused Assets / (24.6 KB). Loaded Objects now: 2189.
Memory consumption went from 91.7 MB to 91.6 MB.
Total: 6.372800 ms (FindLiveObjects: 0.262200 ms CreateObjectMapping: 0.076300 ms MarkObjects: 5.989000 ms  DeleteObjects: 0.042500 ms)

AssetImportParameters requested are different than current active one (requested -> active):
  custom:video-decoder-ogg-theora: a1e56fd34408186e4bbccfd4996cb3dc -> 
  custom:container-muxer-webm: aa71ff27fc2769a1b78a27578f13a17b -> 
  custom:container-demuxer-webm: 4f35f7cbe854078d1ac9338744f61a02 -> 
  custom:video-encoder-webm-vp8: eb34c28f22e8b96e1ab97ce403110664 -> 
  custom:video-codec-MediaFoundation-h265: 746d11721c4dcdbdad8f713fa42b33f4 -> 
  custom:audio-encoder-webm-vorbis: bf7c407c2cedff20999df2af8eb42d56 -> 
  custom:framework-win-MediaFoundation: 216162199b28c13a410421893ffa2e32 -> 
  custom:container-demuxer-ogg: 62fdf1f143b41e24485cea50d1cbac27 -> 
  custom:video-decoder-webm-vp8: 9c59270c3fd7afecdb556c50c9e8de78 -> 
  custom:audio-decoder-ogg-vorbis: bf7c407c2cedff20999df2af8eb42d56 -> 
========================================================================
Received Prepare
Registering precompiled user dll's ...
Registered in 0.016758 seconds.
Begin MonoManager ReloadAssembly
Native extension for WindowsStandalone target not found
Native extension for Android target not found
Refreshing native plugins compatible for Editor in 1.00 ms, found 2 plugins.
Preloading 0 native plugins for Editor in 0.00 ms.
Mono: successfully reloaded assembly
- Completed reload, in  4.802 seconds
Domain Reload Profiling:
	ReloadAssembly (4808ms)
		BeginReloadAssembly (486ms)
			ExecutionOrderSort (0ms)
			DisableScriptedObjects (20ms)
			BackupInstance (0ms)
			ReleaseScriptingObjects (0ms)
			CreateAndSetChildDomain (91ms)
		EndReloadAssembly (2764ms)
			LoadAssemblies (364ms)
			RebuildTransferFunctionScriptingTraits (0ms)
			SetupTypeCache (1194ms)
			ReleaseScriptCaches (1ms)
			RebuildScriptCaches (129ms)
			SetupLoadedEditorAssemblies (1007ms)
				LogAssemblyErrors (0ms)
				InitializePlatformSupportModulesInManaged (96ms)
				SetLoadedEditorAssemblies (2ms)
				RefreshPlugins (1ms)
				BeforeProcessingInitializeOnLoad (204ms)
				ProcessInitializeOnLoadAttributes (599ms)
				ProcessInitializeOnLoadMethodAttributes (79ms)
				AfterProcessingInitializeOnLoad (26ms)
				EditorAssembliesLoaded (0ms)
			ExecutionOrderSort2 (0ms)
			AwakeInstancesAfterBackupRestoration (16ms)
Platform modules already initialized, skipping
Refreshing native plugins compatible for Editor in 5.33 ms, found 2 plugins.
Preloading 0 native plugins for Editor in 0.00 ms.
Unloading 1682 Unused Serialized files (Serialized files now loaded: 0)
Unloading 12 unused Assets / (24.6 KB). Loaded Objects now: 2192.
Memory consumption went from 91.7 MB to 91.6 MB.
Total: 7.208400 ms (FindLiveObjects: 0.280600 ms CreateObjectMapping: 0.159700 ms MarkObjects: 6.713100 ms  DeleteObjects: 0.052800 ms)

AssetImportParameters requested are different than current active one (requested -> active):
  custom:video-decoder-ogg-theora: a1e56fd34408186e4bbccfd4996cb3dc -> 
  custom:container-muxer-webm: aa71ff27fc2769a1b78a27578f13a17b -> 
  custom:container-demuxer-webm: 4f35f7cbe854078d1ac9338744f61a02 -> 
  custom:video-encoder-webm-vp8: eb34c28f22e8b96e1ab97ce403110664 -> 
  custom:video-codec-MediaFoundation-h265: 746d11721c4dcdbdad8f713fa42b33f4 -> 
  custom:audio-encoder-webm-vorbis: bf7c407c2cedff20999df2af8eb42d56 -> 
  custom:framework-win-MediaFoundation: 216162199b28c13a410421893ffa2e32 -> 
  custom:container-demuxer-ogg: 62fdf1f143b41e24485cea50d1cbac27 -> 
  custom:video-decoder-webm-vp8: 9c59270c3fd7afecdb556c50c9e8de78 -> 
  custom:audio-decoder-ogg-vorbis: bf7c407c2cedff20999df2af8eb42d56 -> 
========================================================================
Received Prepare
Registering precompiled user dll's ...
Registered in 0.014658 seconds.
Begin MonoManager ReloadAssembly
Native extension for WindowsStandalone target not found
Native extension for Android target not found
Refreshing native plugins compatible for Editor in 1.64 ms, found 2 plugins.
Preloading 0 native plugins for Editor in 0.00 ms.
Mono: successfully reloaded assembly
- Completed reload, in  5.101 seconds
Domain Reload Profiling:
	ReloadAssembly (5103ms)
		BeginReloadAssembly (483ms)
			ExecutionOrderSort (0ms)
			DisableScriptedObjects (12ms)
			BackupInstance (0ms)
			ReleaseScriptingObjects (0ms)
			CreateAndSetChildDomain (94ms)
		EndReloadAssembly (4221ms)
			LoadAssemblies (424ms)
			RebuildTransferFunctionScriptingTraits (0ms)
			SetupTypeCache (637ms)
			ReleaseScriptCaches (1ms)
			RebuildScriptCaches (100ms)
			SetupLoadedEditorAssemblies (3053ms)
				LogAssemblyErrors (0ms)
				InitializePlatformSupportModulesInManaged (156ms)
				SetLoadedEditorAssemblies (2ms)
				RefreshPlugins (2ms)
				BeforeProcessingInitializeOnLoad (354ms)
				ProcessInitializeOnLoadAttributes (2431ms)
				ProcessInitializeOnLoadMethodAttributes (79ms)
				AfterProcessingInitializeOnLoad (29ms)
				EditorAssembliesLoaded (0ms)
			ExecutionOrderSort2 (0ms)
			AwakeInstancesAfterBackupRestoration (15ms)
Platform modules already initialized, skipping
Refreshing native plugins compatible for Editor in 4.25 ms, found 2 plugins.
Preloading 0 native plugins for Editor in 0.00 ms.
Unloading 1682 Unused Serialized files (Serialized files now loaded: 0)
Unloading 12 unused Assets / (24.7 KB). Loaded Objects now: 2195.
Memory consumption went from 91.7 MB to 91.7 MB.
Total: 4.935500 ms (FindLiveObjects: 0.271300 ms CreateObjectMapping: 0.087800 ms MarkObjects: 4.532700 ms  DeleteObjects: 0.041300 ms)

AssetImportParameters requested are different than current active one (requested -> active):
  custom:video-decoder-ogg-theora: a1e56fd34408186e4bbccfd4996cb3dc -> 
  custom:container-muxer-webm: aa71ff27fc2769a1b78a27578f13a17b -> 
  custom:container-demuxer-webm: 4f35f7cbe854078d1ac9338744f61a02 -> 
  custom:video-encoder-webm-vp8: eb34c28f22e8b96e1ab97ce403110664 -> 
  custom:video-codec-MediaFoundation-h265: 746d11721c4dcdbdad8f713fa42b33f4 -> 
  custom:audio-encoder-webm-vorbis: bf7c407c2cedff20999df2af8eb42d56 -> 
  custom:framework-win-MediaFoundation: 216162199b28c13a410421893ffa2e32 -> 
  custom:container-demuxer-ogg: 62fdf1f143b41e24485cea50d1cbac27 -> 
  custom:video-decoder-webm-vp8: 9c59270c3fd7afecdb556c50c9e8de78 -> 
  custom:audio-decoder-ogg-vorbis: bf7c407c2cedff20999df2af8eb42d56 -> 
========================================================================
Received Prepare
Registering precompiled user dll's ...
Registered in 0.012069 seconds.
Begin MonoManager ReloadAssembly
Native extension for WindowsStandalone target not found
Native extension for Android target not found
Refreshing native plugins compatible for Editor in 1.27 ms, found 2 plugins.
Preloading 0 native plugins for Editor in 0.00 ms.
Mono: successfully reloaded assembly
- Completed reload, in  7.531 seconds
Domain Reload Profiling:
	ReloadAssembly (7533ms)
		BeginReloadAssembly (463ms)
			ExecutionOrderSort (0ms)
			DisableScriptedObjects (35ms)
			BackupInstance (0ms)
			ReleaseScriptingObjects (0ms)
			CreateAndSetChildDomain (74ms)
		EndReloadAssembly (6804ms)
			LoadAssemblies (1166ms)
			RebuildTransferFunctionScriptingTraits (0ms)
			SetupTypeCache (1858ms)
			ReleaseScriptCaches (2ms)
			RebuildScriptCaches (225ms)
			SetupLoadedEditorAssemblies (3166ms)
				LogAssemblyErrors (0ms)
				InitializePlatformSupportModulesInManaged (582ms)
				SetLoadedEditorAssemblies (2ms)
				RefreshPlugins (14ms)
				BeforeProcessingInitializeOnLoad (546ms)
				ProcessInitializeOnLoadAttributes (1800ms)
				ProcessInitializeOnLoadMethodAttributes (157ms)
				AfterProcessingInitializeOnLoad (64ms)
				EditorAssembliesLoaded (1ms)
			ExecutionOrderSort2 (0ms)
			AwakeInstancesAfterBackupRestoration (32ms)
Platform modules already initialized, skipping
Refreshing native plugins compatible for Editor in 6.32 ms, found 2 plugins.
Preloading 0 native plugins for Editor in 0.00 ms.
Unloading 1682 Unused Serialized files (Serialized files now loaded: 0)
Unloading 12 unused Assets / (24.6 KB). Loaded Objects now: 2198.
Memory consumption went from 91.7 MB to 91.7 MB.
Total: 12.416200 ms (FindLiveObjects: 0.281800 ms CreateObjectMapping: 0.111900 ms MarkObjects: 11.968600 ms  DeleteObjects: 0.051800 ms)

AssetImportParameters requested are different than current active one (requested -> active):
  custom:video-decoder-ogg-theora: a1e56fd34408186e4bbccfd4996cb3dc -> 
  custom:container-muxer-webm: aa71ff27fc2769a1b78a27578f13a17b -> 
  custom:container-demuxer-webm: 4f35f7cbe854078d1ac9338744f61a02 -> 
  custom:video-encoder-webm-vp8: eb34c28f22e8b96e1ab97ce403110664 -> 
  custom:video-codec-MediaFoundation-h265: 746d11721c4dcdbdad8f713fa42b33f4 -> 
  custom:audio-encoder-webm-vorbis: bf7c407c2cedff20999df2af8eb42d56 -> 
  custom:framework-win-MediaFoundation: 216162199b28c13a410421893ffa2e32 -> 
  custom:container-demuxer-ogg: 62fdf1f143b41e24485cea50d1cbac27 -> 
  custom:video-decoder-webm-vp8: 9c59270c3fd7afecdb556c50c9e8de78 -> 
  custom:audio-decoder-ogg-vorbis: bf7c407c2cedff20999df2af8eb42d56 -> 
========================================================================
Received Import Request.
  Time since last request: 560.569863 seconds.
  path: Assets/Snowconesolid Assets/Block People/AnimeController_BlockyPeople.controller
  artifactKey: Guid(eb3438a00827f7d469d40e09d0cfcfbb) Importer(815301076,1909f56bfc062723c751e8b465ee728b)
Start importing Assets/Snowconesolid Assets/Block People/AnimeController_BlockyPeople.controller using Guid(eb3438a00827f7d469d40e09d0cfcfbb) Importer(815301076,1909f56bfc062723c751e8b465ee728b)  -> (artifact id: 'eceb86ee9af5c1813c9ff706964676b3') in 0.512458 seconds 
========================================================================
Received Import Request.
  Time since last request: 4362.898979 seconds.
  path: Assets/Prefabs/Walking.fbx
  artifactKey: Guid(eea2a1e66aa384c40a1c2eaf8d1c0b17) Importer(815301076,1909f56bfc062723c751e8b465ee728b)
Start importing Assets/Prefabs/Walking.fbx using Guid(eea2a1e66aa384c40a1c2eaf8d1c0b17) Importer(815301076,1909f56bfc062723c751e8b465ee728b)  -> (artifact id: 'aa82a5d59bbc29bce4342f63bfc2257c') in 1.716899 seconds 
========================================================================
Received Prepare
Registering precompiled user dll's ...
Registered in 0.027143 seconds.
Begin MonoManager ReloadAssembly
Native extension for WindowsStandalone target not found
Native extension for Android target not found
Refreshing native plugins compatible for Editor in 1.10 ms, found 2 plugins.
Preloading 0 native plugins for Editor in 0.00 ms.
Mono: successfully reloaded assembly
- Completed reload, in  6.165 seconds
Domain Reload Profiling:
	ReloadAssembly (6166ms)
		BeginReloadAssembly (506ms)
			ExecutionOrderSort (0ms)
			DisableScriptedObjects (18ms)
			BackupInstance (0ms)
			ReleaseScriptingObjects (0ms)
			CreateAndSetChildDomain (125ms)
		EndReloadAssembly (5069ms)
			LoadAssemblies (515ms)
			RebuildTransferFunctionScriptingTraits (0ms)
			SetupTypeCache (2039ms)
			ReleaseScriptCaches (2ms)
			RebuildScriptCaches (170ms)
			SetupLoadedEditorAssemblies (2141ms)
				LogAssemblyErrors (0ms)
				InitializePlatformSupportModulesInManaged (115ms)
				SetLoadedEditorAssemblies (2ms)
				RefreshPlugins (2ms)
				BeforeProcessingInitializeOnLoad (477ms)
				ProcessInitializeOnLoadAttributes (1439ms)
				ProcessInitializeOnLoadMethodAttributes (76ms)
				AfterProcessingInitializeOnLoad (30ms)
				EditorAssembliesLoaded (0ms)
			ExecutionOrderSort2 (0ms)
			AwakeInstancesAfterBackupRestoration (13ms)
Platform modules already initialized, skipping
Refreshing native plugins compatible for Editor in 14.57 ms, found 2 plugins.
Preloading 0 native plugins for Editor in 0.00 ms.
Unloading 1682 Unused Serialized files (Serialized files now loaded: 0)
Unloading 12 unused Assets / (24.5 KB). Loaded Objects now: 2237.
Memory consumption went from 92.1 MB to 92.0 MB.
Total: 11.043900 ms (FindLiveObjects: 0.414500 ms CreateObjectMapping: 0.172000 ms MarkObjects: 10.371500 ms  DeleteObjects: 0.083300 ms)

AssetImportParameters requested are different than current active one (requested -> active):
  custom:video-decoder-ogg-theora: a1e56fd34408186e4bbccfd4996cb3dc -> 
  custom:container-muxer-webm: aa71ff27fc2769a1b78a27578f13a17b -> 
  custom:container-demuxer-webm: 4f35f7cbe854078d1ac9338744f61a02 -> 
  custom:video-encoder-webm-vp8: eb34c28f22e8b96e1ab97ce403110664 -> 
  custom:video-codec-MediaFoundation-h265: 746d11721c4dcdbdad8f713fa42b33f4 -> 
  custom:audio-encoder-webm-vorbis: bf7c407c2cedff20999df2af8eb42d56 -> 
  custom:framework-win-MediaFoundation: 216162199b28c13a410421893ffa2e32 -> 
  custom:container-demuxer-ogg: 62fdf1f143b41e24485cea50d1cbac27 -> 
  custom:video-decoder-webm-vp8: 9c59270c3fd7afecdb556c50c9e8de78 -> 
  custom:audio-decoder-ogg-vorbis: bf7c407c2cedff20999df2af8eb42d56 -> 
