Using pre-set license
Built from '2021.3/staging' branch; Version is '2021.3.8f1 (b30333d56e81) revision 11731763'; Using compiler version '192829333'; Build Type 'Release'
OS: 'Windows 10  (10.0.19045) 64bit Core' Language: 'en' Physical Memory: 8137 MB
BatchMode: 1, IsHumanControllingUs: 0, StartBugReporterOnCrash: 0, Is64bit: 1, IsPro: 1

COMMAND LINE ARGUMENTS:
C:\Program Files\Unity\Hub\Editor\2021.3.8f1\Editor\Unity.exe
-adb2
-batchMode
-noUpm
-name
AssetImportWorker0
-projectPath
C:/Users/Issy/Documents/GitHub/HappyHamlet/TenantManager
-logFile
Logs/AssetImportWorker0.log
-srvPort
57959
Successfully changed project path to: C:/Users/Issy/Documents/GitHub/HappyHamlet/TenantManager
C:/Users/Issy/Documents/GitHub/HappyHamlet/TenantManager
[UnityMemory] Configuration Parameters - Can be set up in boot.config
    "memorysetup-bucket-allocator-granularity=16"
    "memorysetup-bucket-allocator-bucket-count=8"
    "memorysetup-bucket-allocator-block-size=33554432"
    "memorysetup-bucket-allocator-block-count=8"
    "memorysetup-main-allocator-block-size=16777216"
    "memorysetup-thread-allocator-block-size=16777216"
    "memorysetup-gfx-main-allocator-block-size=16777216"
    "memorysetup-gfx-thread-allocator-block-size=16777216"
    "memorysetup-cache-allocator-block-size=4194304"
    "memorysetup-typetree-allocator-block-size=2097152"
    "memorysetup-profiler-bucket-allocator-granularity=16"
    "memorysetup-profiler-bucket-allocator-bucket-count=8"
    "memorysetup-profiler-bucket-allocator-block-size=33554432"
    "memorysetup-profiler-bucket-allocator-block-count=8"
    "memorysetup-profiler-allocator-block-size=16777216"
    "memorysetup-profiler-editor-allocator-block-size=1048576"
    "memorysetup-temp-allocator-size-main=16777216"
    "memorysetup-job-temp-allocator-block-size=2097152"
    "memorysetup-job-temp-allocator-block-size-background=1048576"
    "memorysetup-job-temp-allocator-reduction-small-platforms=262144"
    "memorysetup-temp-allocator-size-background-worker=32768"
    "memorysetup-temp-allocator-size-job-worker=262144"
    "memorysetup-temp-allocator-size-preload-manager=33554432"
    "memorysetup-temp-allocator-size-nav-mesh-worker=65536"
    "memorysetup-temp-allocator-size-audio-worker=65536"
    "memorysetup-temp-allocator-size-cloud-worker=32768"
    "memorysetup-temp-allocator-size-gi-baking-worker=262144"
    "memorysetup-temp-allocator-size-gfx=262144"
Refreshing native plugins compatible for Editor in 60.34 ms, found 2 plugins.
Preloading 0 native plugins for Editor in 0.00 ms.
Initialize engine version: 2021.3.8f1 (b30333d56e81)
[Subsystems] Discovering subsystems at path C:/Program Files/Unity/Hub/Editor/2021.3.8f1/Editor/Data/Resources/UnitySubsystems
[Subsystems] Discovering subsystems at path C:/Users/Issy/Documents/GitHub/HappyHamlet/TenantManager/Assets
GfxDevice: creating device client; threaded=0; jobified=0
Direct3D:
    Version:  Direct3D 11.0 [level 11.1]
    Renderer: NVIDIA GeForce GTX 1050 Ti (ID=0x1c82)
    Vendor:   NVIDIA
    VRAM:     4018 MB
    Driver:   31.0.15.1694
Initialize mono
Mono path[0] = 'C:/Program Files/Unity/Hub/Editor/2021.3.8f1/Editor/Data/Managed'
Mono path[1] = 'C:/Program Files/Unity/Hub/Editor/2021.3.8f1/Editor/Data/MonoBleedingEdge/lib/mono/unityjit-win32'
Mono config path = 'C:/Program Files/Unity/Hub/Editor/2021.3.8f1/Editor/Data/MonoBleedingEdge/etc'
Using monoOptions --debugger-agent=transport=dt_socket,embedding=1,server=y,suspend=n,address=127.0.0.1:56700
Begin MonoManager ReloadAssembly
Registering precompiled unity dll's ...
Register platform support module: C:/Program Files/Unity/Hub/Editor/2021.3.8f1/Editor/Data/PlaybackEngines/AndroidPlayer/UnityEditor.Android.Extensions.dll
Register platform support module: C:/Program Files/Unity/Hub/Editor/2021.3.8f1/Editor/Data/PlaybackEngines/WindowsStandaloneSupport/UnityEditor.WindowsStandalone.Extensions.dll
Registered in 0.021923 seconds.
Native extension for WindowsStandalone target not found
Native extension for Android target not found
Refreshing native plugins compatible for Editor in 53.15 ms, found 2 plugins.
Preloading 0 native plugins for Editor in 0.00 ms.
Mono: successfully reloaded assembly
- Completed reload, in  1.609 seconds
Domain Reload Profiling:
	ReloadAssembly (1610ms)
		BeginReloadAssembly (481ms)
			ExecutionOrderSort (0ms)
			DisableScriptedObjects (0ms)
			BackupInstance (0ms)
			ReleaseScriptingObjects (0ms)
			CreateAndSetChildDomain (4ms)
		EndReloadAssembly (886ms)
			LoadAssemblies (458ms)
			RebuildTransferFunctionScriptingTraits (0ms)
			SetupTypeCache (244ms)
			ReleaseScriptCaches (0ms)
			RebuildScriptCaches (58ms)
			SetupLoadedEditorAssemblies (480ms)
				LogAssemblyErrors (0ms)
				InitializePlatformSupportModulesInManaged (119ms)
				SetLoadedEditorAssemblies (1ms)
				RefreshPlugins (53ms)
				BeforeProcessingInitializeOnLoad (2ms)
				ProcessInitializeOnLoadAttributes (203ms)
				ProcessInitializeOnLoadMethodAttributes (102ms)
				AfterProcessingInitializeOnLoad (0ms)
				EditorAssembliesLoaded (0ms)
			ExecutionOrderSort2 (0ms)
			AwakeInstancesAfterBackupRestoration (0ms)
Platform modules already initialized, skipping
Registering precompiled user dll's ...
Registered in 0.009576 seconds.
Begin MonoManager ReloadAssembly
Native extension for WindowsStandalone target not found
Native extension for Android target not found
Refreshing native plugins compatible for Editor in 0.89 ms, found 2 plugins.
Preloading 0 native plugins for Editor in 0.00 ms.
Mono: successfully reloaded assembly
- Completed reload, in  2.306 seconds
Domain Reload Profiling:
	ReloadAssembly (2307ms)
		BeginReloadAssembly (584ms)
			ExecutionOrderSort (0ms)
			DisableScriptedObjects (15ms)
			BackupInstance (0ms)
			ReleaseScriptingObjects (0ms)
			CreateAndSetChildDomain (352ms)
		EndReloadAssembly (1462ms)
			LoadAssemblies (205ms)
			RebuildTransferFunctionScriptingTraits (0ms)
			SetupTypeCache (386ms)
			ReleaseScriptCaches (1ms)
			RebuildScriptCaches (85ms)
			SetupLoadedEditorAssemblies (670ms)
				LogAssemblyErrors (0ms)
				InitializePlatformSupportModulesInManaged (34ms)
				SetLoadedEditorAssemblies (1ms)
				RefreshPlugins (1ms)
				BeforeProcessingInitializeOnLoad (114ms)
				ProcessInitializeOnLoadAttributes (437ms)
				ProcessInitializeOnLoadMethodAttributes (60ms)
				AfterProcessingInitializeOnLoad (22ms)
				EditorAssembliesLoaded (0ms)
			ExecutionOrderSort2 (0ms)
			AwakeInstancesAfterBackupRestoration (11ms)
Platform modules already initialized, skipping
========================================================================
Worker process is ready to serve import requests
Launched and connected shader compiler UnityShaderCompiler.exe after 0.09 seconds
Refreshing native plugins compatible for Editor in 0.76 ms, found 2 plugins.
Preloading 0 native plugins for Editor in 0.00 ms.
Unloading 1695 Unused Serialized files (Serialized files now loaded: 0)
Unloading 19 unused Assets / (47.4 KB). Loaded Objects now: 2163.
Memory consumption went from 74.3 MB to 74.2 MB.
Total: 5.442000 ms (FindLiveObjects: 0.335700 ms CreateObjectMapping: 0.185100 ms MarkObjects: 4.769600 ms  DeleteObjects: 0.148800 ms)

AssetImportParameters requested are different than current active one (requested -> active):
  custom:video-decoder-ogg-theora: a1e56fd34408186e4bbccfd4996cb3dc -> 
  custom:container-muxer-webm: aa71ff27fc2769a1b78a27578f13a17b -> 
  custom:container-demuxer-webm: 4f35f7cbe854078d1ac9338744f61a02 -> 
  custom:video-encoder-webm-vp8: eb34c28f22e8b96e1ab97ce403110664 -> 
  custom:video-codec-MediaFoundation-h265: 746d11721c4dcdbdad8f713fa42b33f4 -> 
  custom:audio-encoder-webm-vorbis: bf7c407c2cedff20999df2af8eb42d56 -> 
  custom:framework-win-MediaFoundation: 216162199b28c13a410421893ffa2e32 -> 
  custom:container-demuxer-ogg: 62fdf1f143b41e24485cea50d1cbac27 -> 
  custom:video-decoder-webm-vp8: 9c59270c3fd7afecdb556c50c9e8de78 -> 
  custom:audio-decoder-ogg-vorbis: bf7c407c2cedff20999df2af8eb42d56 -> 
========================================================================
Received Import Request.
  Time since last request: 208670.360100 seconds.
  path: Assets/Scripts
  artifactKey: Guid(3bb89b973eebdc54e8f7f691b57db450) Importer(815301076,1909f56bfc062723c751e8b465ee728b)
Start importing Assets/Scripts using Guid(3bb89b973eebdc54e8f7f691b57db450) Importer(815301076,1909f56bfc062723c751e8b465ee728b)  -> (artifact id: '0bac9be5976d59908b4513fc38c8d1b6') in 0.970303 seconds 
========================================================================
Received Import Request.
  Time since last request: 15.484800 seconds.
  path: Assets/Scripts/Tenant.cs
  artifactKey: Guid(0e9a4b8be0046234f8edc29008ee8459) Importer(815301076,1909f56bfc062723c751e8b465ee728b)
Start importing Assets/Scripts/Tenant.cs using Guid(0e9a4b8be0046234f8edc29008ee8459) Importer(815301076,1909f56bfc062723c751e8b465ee728b)  -> (artifact id: 'be127b432d3be40fa8925f280a011a73') in 0.874005 seconds 
========================================================================
Received Prepare
Registering precompiled user dll's ...
Registered in 0.011326 seconds.
Begin MonoManager ReloadAssembly
Native extension for WindowsStandalone target not found
Native extension for Android target not found
Refreshing native plugins compatible for Editor in 0.77 ms, found 2 plugins.
Preloading 0 native plugins for Editor in 0.00 ms.
Mono: successfully reloaded assembly
- Completed reload, in  2.035 seconds
Domain Reload Profiling:
	ReloadAssembly (2037ms)
		BeginReloadAssembly (403ms)
			ExecutionOrderSort (0ms)
			DisableScriptedObjects (13ms)
			BackupInstance (0ms)
			ReleaseScriptingObjects (0ms)
			CreateAndSetChildDomain (101ms)
		EndReloadAssembly (1360ms)
			LoadAssemblies (282ms)
			RebuildTransferFunctionScriptingTraits (0ms)
			SetupTypeCache (388ms)
			ReleaseScriptCaches (1ms)
			RebuildScriptCaches (74ms)
			SetupLoadedEditorAssemblies (643ms)
				LogAssemblyErrors (0ms)
				InitializePlatformSupportModulesInManaged (47ms)
				SetLoadedEditorAssemblies (1ms)
				RefreshPlugins (1ms)
				BeforeProcessingInitializeOnLoad (102ms)
				ProcessInitializeOnLoadAttributes (415ms)
				ProcessInitializeOnLoadMethodAttributes (56ms)
				AfterProcessingInitializeOnLoad (21ms)
				EditorAssembliesLoaded (0ms)
			ExecutionOrderSort2 (0ms)
			AwakeInstancesAfterBackupRestoration (12ms)
Platform modules already initialized, skipping
Refreshing native plugins compatible for Editor in 3.66 ms, found 2 plugins.
Preloading 0 native plugins for Editor in 0.00 ms.
Unloading 1677 Unused Serialized files (Serialized files now loaded: 0)
Unloading 12 unused Assets / (24.6 KB). Loaded Objects now: 2167.
Memory consumption went from 72.8 MB to 72.8 MB.
Total: 6.198300 ms (FindLiveObjects: 0.247200 ms CreateObjectMapping: 0.124500 ms MarkObjects: 5.721900 ms  DeleteObjects: 0.102500 ms)

AssetImportParameters requested are different than current active one (requested -> active):
  custom:video-decoder-ogg-theora: a1e56fd34408186e4bbccfd4996cb3dc -> 
  custom:container-muxer-webm: aa71ff27fc2769a1b78a27578f13a17b -> 
  custom:container-demuxer-webm: 4f35f7cbe854078d1ac9338744f61a02 -> 
  custom:video-encoder-webm-vp8: eb34c28f22e8b96e1ab97ce403110664 -> 
  custom:video-codec-MediaFoundation-h265: 746d11721c4dcdbdad8f713fa42b33f4 -> 
  custom:audio-encoder-webm-vorbis: bf7c407c2cedff20999df2af8eb42d56 -> 
  custom:framework-win-MediaFoundation: 216162199b28c13a410421893ffa2e32 -> 
  custom:container-demuxer-ogg: 62fdf1f143b41e24485cea50d1cbac27 -> 
  custom:video-decoder-webm-vp8: 9c59270c3fd7afecdb556c50c9e8de78 -> 
  custom:audio-decoder-ogg-vorbis: bf7c407c2cedff20999df2af8eb42d56 -> 
========================================================================
Received Import Request.
  Time since last request: 1912.503576 seconds.
  path: Assets/Scripts/Needs.cs
  artifactKey: Guid(f11163113d4f05745b6f87f2bc3483df) Importer(815301076,1909f56bfc062723c751e8b465ee728b)
Start importing Assets/Scripts/Needs.cs using Guid(f11163113d4f05745b6f87f2bc3483df) Importer(815301076,1909f56bfc062723c751e8b465ee728b)  -> (artifact id: '84065829260bad04b8bf30621f3fff34') in 0.060964 seconds 
========================================================================
Received Prepare
Registering precompiled user dll's ...
Registered in 0.020455 seconds.
Begin MonoManager ReloadAssembly
Native extension for WindowsStandalone target not found
Native extension for Android target not found
Refreshing native plugins compatible for Editor in 4.22 ms, found 2 plugins.
Preloading 0 native plugins for Editor in 0.13 ms.
Mono: successfully reloaded assembly
- Completed reload, in  2.981 seconds
Domain Reload Profiling:
	ReloadAssembly (2982ms)
		BeginReloadAssembly (434ms)
			ExecutionOrderSort (0ms)
			DisableScriptedObjects (21ms)
			BackupInstance (0ms)
			ReleaseScriptingObjects (0ms)
			CreateAndSetChildDomain (92ms)
		EndReloadAssembly (1981ms)
			LoadAssemblies (369ms)
			RebuildTransferFunctionScriptingTraits (0ms)
			SetupTypeCache (482ms)
			ReleaseScriptCaches (1ms)
			RebuildScriptCaches (107ms)
			SetupLoadedEditorAssemblies (1030ms)
				LogAssemblyErrors (0ms)
				InitializePlatformSupportModulesInManaged (128ms)
				SetLoadedEditorAssemblies (11ms)
				RefreshPlugins (5ms)
				BeforeProcessingInitializeOnLoad (295ms)
				ProcessInitializeOnLoadAttributes (508ms)
				ProcessInitializeOnLoadMethodAttributes (59ms)
				AfterProcessingInitializeOnLoad (22ms)
				EditorAssembliesLoaded (1ms)
			ExecutionOrderSort2 (0ms)
			AwakeInstancesAfterBackupRestoration (13ms)
Platform modules already initialized, skipping
Refreshing native plugins compatible for Editor in 3.63 ms, found 2 plugins.
Preloading 0 native plugins for Editor in 0.00 ms.
Unloading 1678 Unused Serialized files (Serialized files now loaded: 0)
Unloading 12 unused Assets / (24.6 KB). Loaded Objects now: 2171.
Memory consumption went from 72.8 MB to 72.8 MB.
Total: 5.605400 ms (FindLiveObjects: 0.239600 ms CreateObjectMapping: 0.095600 ms MarkObjects: 5.222500 ms  DeleteObjects: 0.045000 ms)

AssetImportParameters requested are different than current active one (requested -> active):
  custom:video-decoder-ogg-theora: a1e56fd34408186e4bbccfd4996cb3dc -> 
  custom:container-muxer-webm: aa71ff27fc2769a1b78a27578f13a17b -> 
  custom:container-demuxer-webm: 4f35f7cbe854078d1ac9338744f61a02 -> 
  custom:video-encoder-webm-vp8: eb34c28f22e8b96e1ab97ce403110664 -> 
  custom:video-codec-MediaFoundation-h265: 746d11721c4dcdbdad8f713fa42b33f4 -> 
  custom:audio-encoder-webm-vorbis: bf7c407c2cedff20999df2af8eb42d56 -> 
  custom:framework-win-MediaFoundation: 216162199b28c13a410421893ffa2e32 -> 
  custom:container-demuxer-ogg: 62fdf1f143b41e24485cea50d1cbac27 -> 
  custom:video-decoder-webm-vp8: 9c59270c3fd7afecdb556c50c9e8de78 -> 
  custom:audio-decoder-ogg-vorbis: bf7c407c2cedff20999df2af8eb42d56 -> 
========================================================================
Received Import Request.
  Time since last request: 38.392224 seconds.
  path: Assets/Scripts/SmartObject.cs
  artifactKey: Guid(6bf6e41f41eeda541960ec3ab0f09648) Importer(815301076,1909f56bfc062723c751e8b465ee728b)
Start importing Assets/Scripts/SmartObject.cs using Guid(6bf6e41f41eeda541960ec3ab0f09648) Importer(815301076,1909f56bfc062723c751e8b465ee728b)  -> (artifact id: '08aa1de1b7f16b60f7299f2ef914c97d') in 0.064381 seconds 
========================================================================
Received Prepare
Registering precompiled user dll's ...
Registered in 0.007947 seconds.
Begin MonoManager ReloadAssembly
Native extension for WindowsStandalone target not found
Native extension for Android target not found
Refreshing native plugins compatible for Editor in 0.83 ms, found 2 plugins.
Preloading 0 native plugins for Editor in 0.00 ms.
Mono: successfully reloaded assembly
- Completed reload, in  2.107 seconds
Domain Reload Profiling:
	ReloadAssembly (2108ms)
		BeginReloadAssembly (431ms)
			ExecutionOrderSort (0ms)
			DisableScriptedObjects (12ms)
			BackupInstance (0ms)
			ReleaseScriptingObjects (0ms)
			CreateAndSetChildDomain (81ms)
		EndReloadAssembly (1337ms)
			LoadAssemblies (315ms)
			RebuildTransferFunctionScriptingTraits (0ms)
			SetupTypeCache (373ms)
			ReleaseScriptCaches (1ms)
			RebuildScriptCaches (71ms)
			SetupLoadedEditorAssemblies (644ms)
				LogAssemblyErrors (0ms)
				InitializePlatformSupportModulesInManaged (47ms)
				SetLoadedEditorAssemblies (1ms)
				RefreshPlugins (1ms)
				BeforeProcessingInitializeOnLoad (106ms)
				ProcessInitializeOnLoadAttributes (405ms)
				ProcessInitializeOnLoadMethodAttributes (61ms)
				AfterProcessingInitializeOnLoad (23ms)
				EditorAssembliesLoaded (0ms)
			ExecutionOrderSort2 (0ms)
			AwakeInstancesAfterBackupRestoration (13ms)
Platform modules already initialized, skipping
Refreshing native plugins compatible for Editor in 3.28 ms, found 2 plugins.
Preloading 0 native plugins for Editor in 0.00 ms.
Unloading 1679 Unused Serialized files (Serialized files now loaded: 0)
Unloading 12 unused Assets / (24.6 KB). Loaded Objects now: 2175.
Memory consumption went from 72.8 MB to 72.8 MB.
Total: 5.642600 ms (FindLiveObjects: 0.244600 ms CreateObjectMapping: 0.086300 ms MarkObjects: 5.267600 ms  DeleteObjects: 0.041700 ms)

AssetImportParameters requested are different than current active one (requested -> active):
  custom:video-decoder-ogg-theora: a1e56fd34408186e4bbccfd4996cb3dc -> 
  custom:container-muxer-webm: aa71ff27fc2769a1b78a27578f13a17b -> 
  custom:container-demuxer-webm: 4f35f7cbe854078d1ac9338744f61a02 -> 
  custom:video-encoder-webm-vp8: eb34c28f22e8b96e1ab97ce403110664 -> 
  custom:video-codec-MediaFoundation-h265: 746d11721c4dcdbdad8f713fa42b33f4 -> 
  custom:audio-encoder-webm-vorbis: bf7c407c2cedff20999df2af8eb42d56 -> 
  custom:framework-win-MediaFoundation: 216162199b28c13a410421893ffa2e32 -> 
  custom:container-demuxer-ogg: 62fdf1f143b41e24485cea50d1cbac27 -> 
  custom:video-decoder-webm-vp8: 9c59270c3fd7afecdb556c50c9e8de78 -> 
  custom:audio-decoder-ogg-vorbis: bf7c407c2cedff20999df2af8eb42d56 -> 
========================================================================
Received Import Request.
  Time since last request: 13626.764220 seconds.
  path: Assets/StudioBillion/House Interior
  artifactKey: Guid(6438b0e9b820cf84a9ecf873f382f323) Importer(815301076,1909f56bfc062723c751e8b465ee728b)
Start importing Assets/StudioBillion/House Interior using Guid(6438b0e9b820cf84a9ecf873f382f323) Importer(815301076,1909f56bfc062723c751e8b465ee728b)  -> (artifact id: '84ef549507d66c7efd02fe25aaf1e195') in 0.027995 seconds 
========================================================================
Received Import Request.
  Time since last request: 1.648461 seconds.
  path: Assets/StudioBillion/House Interior/Prefabs
  artifactKey: Guid(89d98e2a52392434481b515eee2b71d4) Importer(815301076,1909f56bfc062723c751e8b465ee728b)
Start importing Assets/StudioBillion/House Interior/Prefabs using Guid(89d98e2a52392434481b515eee2b71d4) Importer(815301076,1909f56bfc062723c751e8b465ee728b)  -> (artifact id: 'eee61f0c9e79199fec1df443705e5b2c') in 0.036396 seconds 
========================================================================
Received Import Request.
  Time since last request: 0.000051 seconds.
  path: Assets/StudioBillion/House Interior/Prefabs/Arcade.prefab
  artifactKey: Guid(5dc265e918ffd904bae64f120ae40df5) Importer(815301076,1909f56bfc062723c751e8b465ee728b)
Start importing Assets/StudioBillion/House Interior/Prefabs/Arcade.prefab using Guid(5dc265e918ffd904bae64f120ae40df5) Importer(815301076,1909f56bfc062723c751e8b465ee728b)  -> (artifact id: 'b8b86383f37f412965878db99ed88781') in 4.346037 seconds 
========================================================================
Received Import Request.
  Time since last request: 0.000047 seconds.
  path: Assets/StudioBillion/House Interior/Prefabs/Wardrobe.prefab
  artifactKey: Guid(349bf11d0a3e402469f2825045862a54) Importer(815301076,1909f56bfc062723c751e8b465ee728b)
Start importing Assets/StudioBillion/House Interior/Prefabs/Wardrobe.prefab using Guid(349bf11d0a3e402469f2825045862a54) Importer(815301076,1909f56bfc062723c751e8b465ee728b)  -> (artifact id: '72f9f4f2e2ade3c238ea9975e6848805') in 0.169896 seconds 
========================================================================
Received Import Request.
  Time since last request: 0.000057 seconds.
  path: Assets/StudioBillion/House Interior/Prefabs/Boxes.prefab
  artifactKey: Guid(567394f18115fcf47a3c73d9fc13bb21) Importer(815301076,1909f56bfc062723c751e8b465ee728b)
Start importing Assets/StudioBillion/House Interior/Prefabs/Boxes.prefab using Guid(567394f18115fcf47a3c73d9fc13bb21) Importer(815301076,1909f56bfc062723c751e8b465ee728b)  -> (artifact id: 'c03d0e3d7d38019116e563ebcafcfef8') in 0.269359 seconds 
========================================================================
Received Import Request.
  Time since last request: 0.000048 seconds.
  path: Assets/StudioBillion/House Interior/Prefabs/House 2.prefab
  artifactKey: Guid(b3c01bafbe9c8fa4fbd4cd93e0eaad44) Importer(815301076,1909f56bfc062723c751e8b465ee728b)
Start importing Assets/StudioBillion/House Interior/Prefabs/House 2.prefab using Guid(b3c01bafbe9c8fa4fbd4cd93e0eaad44) Importer(815301076,1909f56bfc062723c751e8b465ee728b)  -> (artifact id: '9ef58158421cdfff18a8cb9d86579dc5') in 0.313033 seconds 
========================================================================
Received Import Request.
  Time since last request: 0.000074 seconds.
  path: Assets/StudioBillion/House Interior/Prefabs/Chairs.prefab
  artifactKey: Guid(c2295b34083ed0c4b95a252933176bfd) Importer(815301076,1909f56bfc062723c751e8b465ee728b)
Start importing Assets/StudioBillion/House Interior/Prefabs/Chairs.prefab using Guid(c2295b34083ed0c4b95a252933176bfd) Importer(815301076,1909f56bfc062723c751e8b465ee728b)  -> (artifact id: '7cd574b1965c0ba5f098187e9683e9df') in 0.048077 seconds 
========================================================================
Received Import Request.
  Time since last request: 0.000059 seconds.
  path: Assets/StudioBillion/House Interior/Prefabs/Glass.prefab
  artifactKey: Guid(f3638bc957e46844e835931a51ea4ccd) Importer(815301076,1909f56bfc062723c751e8b465ee728b)
Start importing Assets/StudioBillion/House Interior/Prefabs/Glass.prefab using Guid(f3638bc957e46844e835931a51ea4ccd) Importer(815301076,1909f56bfc062723c751e8b465ee728b)  -> (artifact id: 'c9405c46e3b0235b7816b52303e980ad') in 0.089194 seconds 
========================================================================
Received Import Request.
  Time since last request: 0.000042 seconds.
  path: Assets/StudioBillion/House Interior/Prefabs/Sofa2.prefab
  artifactKey: Guid(c66afc54088bd0247a66d7e34a36c4e7) Importer(815301076,1909f56bfc062723c751e8b465ee728b)
Start importing Assets/StudioBillion/House Interior/Prefabs/Sofa2.prefab using Guid(c66afc54088bd0247a66d7e34a36c4e7) Importer(815301076,1909f56bfc062723c751e8b465ee728b)  -> (artifact id: '9ec63f9fdc42fe9033033079c01d44d6') in 0.083555 seconds 
========================================================================
Received Import Request.
  Time since last request: 0.000059 seconds.
  path: Assets/StudioBillion/House Interior/Prefabs/Sink.prefab
  artifactKey: Guid(2b53442aaa1f7eb4ba66dfaf7f38a0b4) Importer(815301076,1909f56bfc062723c751e8b465ee728b)
Start importing Assets/StudioBillion/House Interior/Prefabs/Sink.prefab using Guid(2b53442aaa1f7eb4ba66dfaf7f38a0b4) Importer(815301076,1909f56bfc062723c751e8b465ee728b)  -> (artifact id: 'c66ece8f931de1a2cb00994725292899') in 0.076270 seconds 
========================================================================
Received Import Request.
  Time since last request: 0.000072 seconds.
  path: Assets/StudioBillion/House Interior/Prefabs/Tv Unit.prefab
  artifactKey: Guid(01703f21ce284a1498b9b8bea9ac8103) Importer(815301076,1909f56bfc062723c751e8b465ee728b)
Start importing Assets/StudioBillion/House Interior/Prefabs/Tv Unit.prefab using Guid(01703f21ce284a1498b9b8bea9ac8103) Importer(815301076,1909f56bfc062723c751e8b465ee728b)  -> (artifact id: '4d56f2e57e9d92197b178d00ef7398a5') in 0.231664 seconds 
========================================================================
Received Import Request.
  Time since last request: 0.000083 seconds.
  path: Assets/StudioBillion/House Interior/Prefabs/Armchair.prefab
  artifactKey: Guid(d89225c174a3955439a93e85a798211e) Importer(815301076,1909f56bfc062723c751e8b465ee728b)
Start importing Assets/StudioBillion/House Interior/Prefabs/Armchair.prefab using Guid(d89225c174a3955439a93e85a798211e) Importer(815301076,1909f56bfc062723c751e8b465ee728b)  -> (artifact id: '1f61875e13f52d54813471db0310bdae') in 0.069061 seconds 
========================================================================
Received Import Request.
  Time since last request: 0.000056 seconds.
  path: Assets/StudioBillion/House Interior/Prefabs/Basket.prefab
  artifactKey: Guid(520640125cd9288429b91901711781c5) Importer(815301076,1909f56bfc062723c751e8b465ee728b)
Start importing Assets/StudioBillion/House Interior/Prefabs/Basket.prefab using Guid(520640125cd9288429b91901711781c5) Importer(815301076,1909f56bfc062723c751e8b465ee728b)  -> (artifact id: '3628eb1aa88a3b3e5b880beefdf38d55') in 0.050488 seconds 
========================================================================
Received Import Request.
  Time since last request: 0.000057 seconds.
  path: Assets/StudioBillion/House Interior/Prefabs/Lamp.prefab
  artifactKey: Guid(86f89f9c2c1237c4c8daaddf88ad499d) Importer(815301076,1909f56bfc062723c751e8b465ee728b)
Start importing Assets/StudioBillion/House Interior/Prefabs/Lamp.prefab using Guid(86f89f9c2c1237c4c8daaddf88ad499d) Importer(815301076,1909f56bfc062723c751e8b465ee728b)  -> (artifact id: '1615a76cb9cb2f4c7ca17d847520f859') in 0.073961 seconds 
========================================================================
Received Import Request.
  Time since last request: 0.000041 seconds.
  path: Assets/StudioBillion/House Interior/Prefabs/Carpet 002.prefab
  artifactKey: Guid(f1a5b02ce6c71e04dbe90426b072b4d3) Importer(815301076,1909f56bfc062723c751e8b465ee728b)
Start importing Assets/StudioBillion/House Interior/Prefabs/Carpet 002.prefab using Guid(f1a5b02ce6c71e04dbe90426b072b4d3) Importer(815301076,1909f56bfc062723c751e8b465ee728b)  -> (artifact id: 'd4fd59ace28e4f88015e3890119e889e') in 0.048629 seconds 
========================================================================
Received Import Request.
  Time since last request: 0.000049 seconds.
  path: Assets/StudioBillion/House Interior/Prefabs/Mirror.prefab
  artifactKey: Guid(73f7eae3185b5514b8bbc03107939a9b) Importer(815301076,1909f56bfc062723c751e8b465ee728b)
Start importing Assets/StudioBillion/House Interior/Prefabs/Mirror.prefab using Guid(73f7eae3185b5514b8bbc03107939a9b) Importer(815301076,1909f56bfc062723c751e8b465ee728b)  -> (artifact id: '381a7bb4590352466e9558a84d4f4431') in 0.071804 seconds 
========================================================================
Received Import Request.
  Time since last request: 0.000061 seconds.
  path: Assets/StudioBillion/House Interior/Prefabs/Washer.prefab
  artifactKey: Guid(f0d11665f5b6e4e4f9262a51b4b2cd2a) Importer(815301076,1909f56bfc062723c751e8b465ee728b)
Start importing Assets/StudioBillion/House Interior/Prefabs/Washer.prefab using Guid(f0d11665f5b6e4e4f9262a51b4b2cd2a) Importer(815301076,1909f56bfc062723c751e8b465ee728b)  -> (artifact id: '6d5205ed302882ee793a55ce8da1adce') in 0.159850 seconds 
========================================================================
Received Import Request.
  Time since last request: 0.000045 seconds.
  path: Assets/StudioBillion/House Interior/Prefabs/Kitchen.prefab
  artifactKey: Guid(3ef71c61a4b7a584ab19647cf6f6946e) Importer(815301076,1909f56bfc062723c751e8b465ee728b)
Start importing Assets/StudioBillion/House Interior/Prefabs/Kitchen.prefab using Guid(3ef71c61a4b7a584ab19647cf6f6946e) Importer(815301076,1909f56bfc062723c751e8b465ee728b)  -> (artifact id: '0d9e6ca315b97b30f1685802926a6d49') in 0.067900 seconds 
========================================================================
Received Import Request.
  Time since last request: 0.000047 seconds.
  path: Assets/StudioBillion/House Interior/Prefabs/Carpet1.prefab
  artifactKey: Guid(523873fc9002b974c8a0292076ec82af) Importer(815301076,1909f56bfc062723c751e8b465ee728b)
Start importing Assets/StudioBillion/House Interior/Prefabs/Carpet1.prefab using Guid(523873fc9002b974c8a0292076ec82af) Importer(815301076,1909f56bfc062723c751e8b465ee728b)  -> (artifact id: 'a552b931bc79b674b120381ea00e72f6') in 0.047374 seconds 
========================================================================
Received Import Request.
  Time since last request: 0.000061 seconds.
  path: Assets/StudioBillion/House Interior/Prefabs/Vase.prefab
  artifactKey: Guid(419bf7a95ce43b847833705cfa58c35b) Importer(815301076,1909f56bfc062723c751e8b465ee728b)
Start importing Assets/StudioBillion/House Interior/Prefabs/Vase.prefab using Guid(419bf7a95ce43b847833705cfa58c35b) Importer(815301076,1909f56bfc062723c751e8b465ee728b)  -> (artifact id: 'bbedb81875ed8aed6f5b5d05331feea3') in 0.068506 seconds 
========================================================================
Received Import Request.
  Time since last request: 0.000044 seconds.
  path: Assets/StudioBillion/House Interior/Prefabs/Pan.prefab
  artifactKey: Guid(b25277b7e28aa4446a996b11092272d7) Importer(815301076,1909f56bfc062723c751e8b465ee728b)
Start importing Assets/StudioBillion/House Interior/Prefabs/Pan.prefab using Guid(b25277b7e28aa4446a996b11092272d7) Importer(815301076,1909f56bfc062723c751e8b465ee728b)  -> (artifact id: '8244da601b18cfb6d6c8b5246d4a2f7a') in 0.129587 seconds 
========================================================================
Received Import Request.
  Time since last request: 0.000046 seconds.
  path: Assets/StudioBillion/House Interior/Prefabs/Pc Chair.prefab
  artifactKey: Guid(27b0bcb7fda86b3458767f6126a71381) Importer(815301076,1909f56bfc062723c751e8b465ee728b)
Start importing Assets/StudioBillion/House Interior/Prefabs/Pc Chair.prefab using Guid(27b0bcb7fda86b3458767f6126a71381) Importer(815301076,1909f56bfc062723c751e8b465ee728b)  -> (artifact id: '2aafbb132cfda95d138dd6682bc733c1') in 0.121844 seconds 
========================================================================
Received Import Request.
  Time since last request: 0.000075 seconds.
  path: Assets/StudioBillion/House Interior/Prefabs/Dishes.prefab
  artifactKey: Guid(d9557199083727f4795db6c85a10396b) Importer(815301076,1909f56bfc062723c751e8b465ee728b)
Start importing Assets/StudioBillion/House Interior/Prefabs/Dishes.prefab using Guid(d9557199083727f4795db6c85a10396b) Importer(815301076,1909f56bfc062723c751e8b465ee728b)  -> (artifact id: '85d0e32c80de8f9632f12d60cc1aab34') in 0.055928 seconds 
========================================================================
Received Import Request.
  Time since last request: 0.000048 seconds.
  path: Assets/StudioBillion/House Interior/Prefabs/Cooker.prefab
  artifactKey: Guid(7474ef2a457c13745bd61cd0af76274f) Importer(815301076,1909f56bfc062723c751e8b465ee728b)
Start importing Assets/StudioBillion/House Interior/Prefabs/Cooker.prefab using Guid(7474ef2a457c13745bd61cd0af76274f) Importer(815301076,1909f56bfc062723c751e8b465ee728b)  -> (artifact id: 'f28954bc2bb2f3f8c0259accf4a29828') in 0.063795 seconds 
========================================================================
Received Import Request.
  Time since last request: 0.000048 seconds.
  path: Assets/StudioBillion/House Interior/Prefabs/Sofa.prefab
  artifactKey: Guid(7eb8f0ed299d70f429df582be35b81e5) Importer(815301076,1909f56bfc062723c751e8b465ee728b)
Start importing Assets/StudioBillion/House Interior/Prefabs/Sofa.prefab using Guid(7eb8f0ed299d70f429df582be35b81e5) Importer(815301076,1909f56bfc062723c751e8b465ee728b)  -> (artifact id: 'c0a7c8d5b5491a62fd4ae4344d72a5fd') in 0.051902 seconds 
========================================================================
Received Import Request.
  Time since last request: 0.000056 seconds.
  path: Assets/StudioBillion/House Interior/Prefabs/Bath Carpet.prefab
  artifactKey: Guid(1d50da95a25cec546bc4074349969f46) Importer(815301076,1909f56bfc062723c751e8b465ee728b)
Start importing Assets/StudioBillion/House Interior/Prefabs/Bath Carpet.prefab using Guid(1d50da95a25cec546bc4074349969f46) Importer(815301076,1909f56bfc062723c751e8b465ee728b)  -> (artifact id: 'a59beda58b7e775cc8e007e8532ec7e7') in 0.065076 seconds 
========================================================================
Received Import Request.
  Time since last request: 0.000057 seconds.
  path: Assets/StudioBillion/House Interior/Prefabs/Bed.prefab
  artifactKey: Guid(c78b068d06d936540835ce2788ae7bcd) Importer(815301076,1909f56bfc062723c751e8b465ee728b)
Start importing Assets/StudioBillion/House Interior/Prefabs/Bed.prefab using Guid(c78b068d06d936540835ce2788ae7bcd) Importer(815301076,1909f56bfc062723c751e8b465ee728b)  -> (artifact id: '996a08e555bc060927dcac1d9c5c4d35') in 0.090792 seconds 
========================================================================
Received Import Request.
  Time since last request: 0.000045 seconds.
  path: Assets/StudioBillion/House Interior/Prefabs/Dinner Table.prefab
  artifactKey: Guid(cbec771c1795bd6458b2310c86d5d6b7) Importer(815301076,1909f56bfc062723c751e8b465ee728b)
Start importing Assets/StudioBillion/House Interior/Prefabs/Dinner Table.prefab using Guid(cbec771c1795bd6458b2310c86d5d6b7) Importer(815301076,1909f56bfc062723c751e8b465ee728b)  -> (artifact id: '84bf70024920ad14b58f33e4e7def7b2') in 0.062229 seconds 
========================================================================
Received Import Request.
  Time since last request: 0.000049 seconds.
  path: Assets/StudioBillion/House Interior/Prefabs/Chess.prefab
  artifactKey: Guid(1addaa49607737d418523adb717c64d3) Importer(815301076,1909f56bfc062723c751e8b465ee728b)
Start importing Assets/StudioBillion/House Interior/Prefabs/Chess.prefab using Guid(1addaa49607737d418523adb717c64d3) Importer(815301076,1909f56bfc062723c751e8b465ee728b)  -> (artifact id: '82dbb05302ad8e7549fd44b367d851d9') in 0.106954 seconds 
========================================================================
Received Import Request.
  Time since last request: 0.000045 seconds.
  path: Assets/StudioBillion/House Interior/Prefabs/Carpet2.prefab
  artifactKey: Guid(6d05b9c6f1a84414ca2b2a2d4851d8d7) Importer(815301076,1909f56bfc062723c751e8b465ee728b)
Start importing Assets/StudioBillion/House Interior/Prefabs/Carpet2.prefab using Guid(6d05b9c6f1a84414ca2b2a2d4851d8d7) Importer(815301076,1909f56bfc062723c751e8b465ee728b)  -> (artifact id: '26cad07cfbf6e81db3dd6ed6f87cb3b7') in 0.068057 seconds 
========================================================================
Received Import Request.
  Time since last request: 0.000053 seconds.
  path: Assets/StudioBillion/House Interior/Prefabs/Books.prefab
  artifactKey: Guid(23f96c6f17e0d5b4bacaf839fb197387) Importer(815301076,1909f56bfc062723c751e8b465ee728b)
Start importing Assets/StudioBillion/House Interior/Prefabs/Books.prefab using Guid(23f96c6f17e0d5b4bacaf839fb197387) Importer(815301076,1909f56bfc062723c751e8b465ee728b)  -> (artifact id: '4ddebe23fabe92caed917e50326614ed') in 0.056552 seconds 
========================================================================
Received Import Request.
  Time since last request: 0.000043 seconds.
  path: Assets/StudioBillion/House Interior/Prefabs/Coffee Table.prefab
  artifactKey: Guid(77686a92b4d6c034094fddb988c7f2c3) Importer(815301076,1909f56bfc062723c751e8b465ee728b)
Start importing Assets/StudioBillion/House Interior/Prefabs/Coffee Table.prefab using Guid(77686a92b4d6c034094fddb988c7f2c3) Importer(815301076,1909f56bfc062723c751e8b465ee728b)  -> (artifact id: '5f82406b48b34fdae8f9682d27856a96') in 0.070089 seconds 
========================================================================
Received Import Request.
  Time since last request: 0.000066 seconds.
  path: Assets/StudioBillion/House Interior/Prefabs/Towel.prefab
  artifactKey: Guid(10a6bc1f9fa8e1545a0996baaa9c5040) Importer(815301076,1909f56bfc062723c751e8b465ee728b)
Start importing Assets/StudioBillion/House Interior/Prefabs/Towel.prefab using Guid(10a6bc1f9fa8e1545a0996baaa9c5040) Importer(815301076,1909f56bfc062723c751e8b465ee728b)  -> (artifact id: '2b0c505c08cabac66480bf0393bf47b1') in 0.044039 seconds 
========================================================================
Received Import Request.
  Time since last request: 0.000039 seconds.
  path: Assets/StudioBillion/House Interior/Prefabs/Armchair2.prefab
  artifactKey: Guid(4735638ee3d69f94dad50fd611033d80) Importer(815301076,1909f56bfc062723c751e8b465ee728b)
Start importing Assets/StudioBillion/House Interior/Prefabs/Armchair2.prefab using Guid(4735638ee3d69f94dad50fd611033d80) Importer(815301076,1909f56bfc062723c751e8b465ee728b)  -> (artifact id: '5525f18cc4bf13c196e8a6f35e9d3eb9') in 0.052387 seconds 
========================================================================
Received Import Request.
  Time since last request: 0.000048 seconds.
  path: Assets/StudioBillion/House Interior/Prefabs/Bath.prefab
  artifactKey: Guid(dd1310fff69f1cd46974882f047d74c8) Importer(815301076,1909f56bfc062723c751e8b465ee728b)
Start importing Assets/StudioBillion/House Interior/Prefabs/Bath.prefab using Guid(dd1310fff69f1cd46974882f047d74c8) Importer(815301076,1909f56bfc062723c751e8b465ee728b)  -> (artifact id: 'f2b29bf7ccf345d13824ee4421cbf2bc') in 0.046606 seconds 
========================================================================
Received Import Request.
  Time since last request: 0.000059 seconds.
  path: Assets/StudioBillion/House Interior/Prefabs/Desk.prefab
  artifactKey: Guid(5e6682d1a65bf7846bde496ef3c96d45) Importer(815301076,1909f56bfc062723c751e8b465ee728b)
Start importing Assets/StudioBillion/House Interior/Prefabs/Desk.prefab using Guid(5e6682d1a65bf7846bde496ef3c96d45) Importer(815301076,1909f56bfc062723c751e8b465ee728b)  -> (artifact id: '18c7c3b89e83bb82a1fab2c0c9e30742') in 0.039804 seconds 
========================================================================
Received Import Request.
  Time since last request: 0.000042 seconds.
  path: Assets/StudioBillion/House Interior/Prefabs/Kitchen Stuff.prefab
  artifactKey: Guid(79f1bb7a99cc856419859c0286fe3efe) Importer(815301076,1909f56bfc062723c751e8b465ee728b)
Start importing Assets/StudioBillion/House Interior/Prefabs/Kitchen Stuff.prefab using Guid(79f1bb7a99cc856419859c0286fe3efe) Importer(815301076,1909f56bfc062723c751e8b465ee728b)  -> (artifact id: '4a10461a678b9c5c7bf64463e9a41be3') in 0.050584 seconds 
========================================================================
Received Import Request.
  Time since last request: 0.000045 seconds.
  path: Assets/StudioBillion/House Interior/Prefabs/Drum.prefab
  artifactKey: Guid(bc2e5c63db1c9bb428dbdcc8142205a0) Importer(815301076,1909f56bfc062723c751e8b465ee728b)
Start importing Assets/StudioBillion/House Interior/Prefabs/Drum.prefab using Guid(bc2e5c63db1c9bb428dbdcc8142205a0) Importer(815301076,1909f56bfc062723c751e8b465ee728b)  -> (artifact id: 'dc241446067e56df40b89d2851039b50') in 0.450698 seconds 
========================================================================
Received Import Request.
  Time since last request: 0.000051 seconds.
  path: Assets/StudioBillion/House Interior/Prefabs/Microwave.prefab
  artifactKey: Guid(97f0c639a9eb92b43a377663bfdbfd11) Importer(815301076,1909f56bfc062723c751e8b465ee728b)
Start importing Assets/StudioBillion/House Interior/Prefabs/Microwave.prefab using Guid(97f0c639a9eb92b43a377663bfdbfd11) Importer(815301076,1909f56bfc062723c751e8b465ee728b)  -> (artifact id: '632ff571e4adc69a8501b4c54a918299') in 0.049137 seconds 
========================================================================
Received Import Request.
  Time since last request: 0.000056 seconds.
  path: Assets/StudioBillion/House Interior/Prefabs/Painting.prefab
  artifactKey: Guid(9c16be079bb4ee343a5c695ee4a1a601) Importer(815301076,1909f56bfc062723c751e8b465ee728b)
Start importing Assets/StudioBillion/House Interior/Prefabs/Painting.prefab using Guid(9c16be079bb4ee343a5c695ee4a1a601) Importer(815301076,1909f56bfc062723c751e8b465ee728b)  -> (artifact id: '402a5d5e894148b94b68853d02cd5a68') in 0.724537 seconds 
========================================================================
Received Import Request.
  Time since last request: 0.000061 seconds.
  path: Assets/StudioBillion/House Interior/Prefabs/Laptop.prefab
  artifactKey: Guid(a0b4083b5609b9746a81cb9b09eda7f9) Importer(815301076,1909f56bfc062723c751e8b465ee728b)
Start importing Assets/StudioBillion/House Interior/Prefabs/Laptop.prefab using Guid(a0b4083b5609b9746a81cb9b09eda7f9) Importer(815301076,1909f56bfc062723c751e8b465ee728b)  -> (artifact id: 'bcc7bed02f26939c2c2d641c8ec5e9aa') in 0.140978 seconds 
========================================================================
Received Import Request.
  Time since last request: 0.000053 seconds.
  path: Assets/StudioBillion/House Interior/Prefabs/Closet.prefab
  artifactKey: Guid(796e32cd1010d3b4a934bd873c9246c7) Importer(815301076,1909f56bfc062723c751e8b465ee728b)
Start importing Assets/StudioBillion/House Interior/Prefabs/Closet.prefab using Guid(796e32cd1010d3b4a934bd873c9246c7) Importer(815301076,1909f56bfc062723c751e8b465ee728b)  -> (artifact id: '948388fb54f03d221cd981a821827415') in 0.048267 seconds 
========================================================================
Received Import Request.
  Time since last request: 0.000044 seconds.
  path: Assets/StudioBillion/House Interior/Prefabs/Fridge.prefab
  artifactKey: Guid(49e948fe26356c64e9bccc46963c77da) Importer(815301076,1909f56bfc062723c751e8b465ee728b)
Start importing Assets/StudioBillion/House Interior/Prefabs/Fridge.prefab using Guid(49e948fe26356c64e9bccc46963c77da) Importer(815301076,1909f56bfc062723c751e8b465ee728b)  -> (artifact id: '97886d8e14b342bb545cb5a06b5176ef') in 0.092217 seconds 
========================================================================
Received Import Request.
  Time since last request: 22.196320 seconds.
  path: Assets/StudioBillion/House Interior/Models/House.fbx
  artifactKey: Guid(02ad78cca7f19f843b49a2e580791919) Importer(815301076,1909f56bfc062723c751e8b465ee728b)
Start importing Assets/StudioBillion/House Interior/Models/House.fbx using Guid(02ad78cca7f19f843b49a2e580791919) Importer(815301076,1909f56bfc062723c751e8b465ee728b)  -> (artifact id: 'eee34103430d04bc70506e3f4c1e6bd7') in 3.396632 seconds 
========================================================================
Received Import Request.
  Time since last request: 281.652572 seconds.
  path: Assets/Prefabs/Drum.prefab
  artifactKey: Guid(5d905555cbaa9e1418a0382816928b29) Importer(815301076,1909f56bfc062723c751e8b465ee728b)
Start importing Assets/Prefabs/Drum.prefab using Guid(5d905555cbaa9e1418a0382816928b29) Importer(815301076,1909f56bfc062723c751e8b465ee728b)  -> (artifact id: '360df18e267fb3dc8d4d569cd596d577') in 0.117202 seconds 
========================================================================
Received Import Request.
  Time since last request: 0.000051 seconds.
  path: Assets/Prefabs/kitchen.prefab
  artifactKey: Guid(97ef50d44e7994049abb32075062cc59) Importer(815301076,1909f56bfc062723c751e8b465ee728b)
Start importing Assets/Prefabs/kitchen.prefab using Guid(97ef50d44e7994049abb32075062cc59) Importer(815301076,1909f56bfc062723c751e8b465ee728b)  -> (artifact id: 'ce41deb2860805053036d3170d2f869a') in 0.096984 seconds 
========================================================================
Received Import Request.
  Time since last request: 0.000064 seconds.
  path: Assets/Prefabs/Armchair2.prefab
  artifactKey: Guid(251ea011731a25f4194d4837e32685ed) Importer(815301076,1909f56bfc062723c751e8b465ee728b)
Start importing Assets/Prefabs/Armchair2.prefab using Guid(251ea011731a25f4194d4837e32685ed) Importer(815301076,1909f56bfc062723c751e8b465ee728b)  -> (artifact id: '301c525e3318b90cb681056696905424') in 0.065690 seconds 
========================================================================
Received Import Request.
  Time since last request: 0.000096 seconds.
  path: Assets/Prefabs/Glass.prefab
  artifactKey: Guid(3d009b7e47c42fe42989fdcced50228e) Importer(815301076,1909f56bfc062723c751e8b465ee728b)
Start importing Assets/Prefabs/Glass.prefab using Guid(3d009b7e47c42fe42989fdcced50228e) Importer(815301076,1909f56bfc062723c751e8b465ee728b)  -> (artifact id: 'f2c4ec99ec9136dc39a33c16271069f6') in 0.055285 seconds 
========================================================================
Received Import Request.
  Time since last request: 0.000055 seconds.
  path: Assets/Prefabs/Closet.prefab
  artifactKey: Guid(ed5957e9fd6d6e342a812f02ca0d8009) Importer(815301076,1909f56bfc062723c751e8b465ee728b)
Start importing Assets/Prefabs/Closet.prefab using Guid(ed5957e9fd6d6e342a812f02ca0d8009) Importer(815301076,1909f56bfc062723c751e8b465ee728b)  -> (artifact id: '2697c28d0dcf1ebb3bf165822c0357db') in 0.073679 seconds 
========================================================================
Received Import Request.
  Time since last request: 0.000076 seconds.
  path: Assets/Prefabs/carpet1.prefab
  artifactKey: Guid(0710c96b0dfb56b488a293e0db6be736) Importer(815301076,1909f56bfc062723c751e8b465ee728b)
Start importing Assets/Prefabs/carpet1.prefab using Guid(0710c96b0dfb56b488a293e0db6be736) Importer(815301076,1909f56bfc062723c751e8b465ee728b)  -> (artifact id: 'b0bb16ff43be1afa70a73de261ee468b') in 0.062991 seconds 
========================================================================
Received Import Request.
  Time since last request: 0.000061 seconds.
  path: Assets/Prefabs/House_2.prefab
  artifactKey: Guid(85d2249cf3004504f8f198f8878372ca) Importer(815301076,1909f56bfc062723c751e8b465ee728b)
Start importing Assets/Prefabs/House_2.prefab using Guid(85d2249cf3004504f8f198f8878372ca) Importer(815301076,1909f56bfc062723c751e8b465ee728b)  -> (artifact id: 'f2b988aee3f381136a9df29d99995b30') in 0.083271 seconds 
========================================================================
Received Import Request.
  Time since last request: 0.000066 seconds.
  path: Assets/Prefabs/Basket.prefab
  artifactKey: Guid(0719e50ca079bff4384f50c01c629d2c) Importer(815301076,1909f56bfc062723c751e8b465ee728b)
Start importing Assets/Prefabs/Basket.prefab using Guid(0719e50ca079bff4384f50c01c629d2c) Importer(815301076,1909f56bfc062723c751e8b465ee728b)  -> (artifact id: 'ed950403b45b8f65d02b9f20b7b13361') in 0.055462 seconds 
========================================================================
Received Import Request.
  Time since last request: 0.000044 seconds.
  path: Assets/Prefabs/Boxes.prefab
  artifactKey: Guid(4d7bf8b60b2bd7043b5ef1901b0d37c3) Importer(815301076,1909f56bfc062723c751e8b465ee728b)
Start importing Assets/Prefabs/Boxes.prefab using Guid(4d7bf8b60b2bd7043b5ef1901b0d37c3) Importer(815301076,1909f56bfc062723c751e8b465ee728b)  -> (artifact id: 'fe518901d2224eb121a68bd9014a81fb') in 0.042798 seconds 
========================================================================
Received Import Request.
  Time since last request: 0.000058 seconds.
  path: Assets/Prefabs/Desk.prefab
  artifactKey: Guid(7f896a15103cba041b1a5f23871fc460) Importer(815301076,1909f56bfc062723c751e8b465ee728b)
Start importing Assets/Prefabs/Desk.prefab using Guid(7f896a15103cba041b1a5f23871fc460) Importer(815301076,1909f56bfc062723c751e8b465ee728b)  -> (artifact id: 'aa00ac15f7b718dc3e3dfaec136847a4') in 0.045513 seconds 
========================================================================
Received Import Request.
  Time since last request: 0.000057 seconds.
  path: Assets/Prefabs/Bath.prefab
  artifactKey: Guid(6eb5e2fa4426d394bb4ad4042d729a3b) Importer(815301076,1909f56bfc062723c751e8b465ee728b)
Start importing Assets/Prefabs/Bath.prefab using Guid(6eb5e2fa4426d394bb4ad4042d729a3b) Importer(815301076,1909f56bfc062723c751e8b465ee728b)  -> (artifact id: '3cc6e3adf0fb5c0d9529a64ca028ce04') in 0.055256 seconds 
========================================================================
Received Import Request.
  Time since last request: 0.000466 seconds.
  path: Assets/Prefabs/Arcade.prefab
  artifactKey: Guid(1b5925f724f0eec43a0ce85c24dbe464) Importer(815301076,1909f56bfc062723c751e8b465ee728b)
Start importing Assets/Prefabs/Arcade.prefab using Guid(1b5925f724f0eec43a0ce85c24dbe464) Importer(815301076,1909f56bfc062723c751e8b465ee728b)  -> (artifact id: 'f6c10ea9af3c64f7877e6c24758f795a') in 0.062869 seconds 
========================================================================
Received Import Request.
  Time since last request: 0.000065 seconds.
  path: Assets/Prefabs/Books.prefab
  artifactKey: Guid(a6a007e89d70554498f58e64d5a473dc) Importer(815301076,1909f56bfc062723c751e8b465ee728b)
Start importing Assets/Prefabs/Books.prefab using Guid(a6a007e89d70554498f58e64d5a473dc) Importer(815301076,1909f56bfc062723c751e8b465ee728b)  -> (artifact id: '79e81ff01c387cfaf453e57afaa10b11') in 0.028419 seconds 
========================================================================
Received Import Request.
  Time since last request: 0.000044 seconds.
  path: Assets/Prefabs/cooker.prefab
  artifactKey: Guid(c7ad740d31233ab439b2b080bb303ef8) Importer(815301076,1909f56bfc062723c751e8b465ee728b)
Start importing Assets/Prefabs/cooker.prefab using Guid(c7ad740d31233ab439b2b080bb303ef8) Importer(815301076,1909f56bfc062723c751e8b465ee728b)  -> (artifact id: 'c05275290ec704395d142902fadae5d3') in 0.040509 seconds 
========================================================================
Received Import Request.
  Time since last request: 0.000047 seconds.
  path: Assets/Prefabs/Chairs.prefab
  artifactKey: Guid(3175f9482aa57a249a76ac43c2f0e98d) Importer(815301076,1909f56bfc062723c751e8b465ee728b)
Start importing Assets/Prefabs/Chairs.prefab using Guid(3175f9482aa57a249a76ac43c2f0e98d) Importer(815301076,1909f56bfc062723c751e8b465ee728b)  -> (artifact id: '5264526e6674719456307e1e6a5edf69') in 0.058007 seconds 
========================================================================
Received Import Request.
  Time since last request: 0.000053 seconds.
  path: Assets/Prefabs/Bath_Carpet.prefab
  artifactKey: Guid(f6f59b439963b6f448ed1deccdb47066) Importer(815301076,1909f56bfc062723c751e8b465ee728b)
Start importing Assets/Prefabs/Bath_Carpet.prefab using Guid(f6f59b439963b6f448ed1deccdb47066) Importer(815301076,1909f56bfc062723c751e8b465ee728b)  -> (artifact id: 'af1f4d323e8ebbd28bb1682dd08997a7') in 0.047229 seconds 
========================================================================
Received Import Request.
  Time since last request: 0.000049 seconds.
  path: Assets/Prefabs/carpet2.prefab
  artifactKey: Guid(d10f16903aa13e74fba6c0de4725663a) Importer(815301076,1909f56bfc062723c751e8b465ee728b)
Start importing Assets/Prefabs/carpet2.prefab using Guid(d10f16903aa13e74fba6c0de4725663a) Importer(815301076,1909f56bfc062723c751e8b465ee728b)  -> (artifact id: 'fb9f275321919c41a4feb33841724779') in 0.050380 seconds 
========================================================================
Received Import Request.
  Time since last request: 0.000063 seconds.
  path: Assets/Prefabs/Bed.prefab
  artifactKey: Guid(f41da12c705e8744483c4ae9b7db268e) Importer(815301076,1909f56bfc062723c751e8b465ee728b)
Start importing Assets/Prefabs/Bed.prefab using Guid(f41da12c705e8744483c4ae9b7db268e) Importer(815301076,1909f56bfc062723c751e8b465ee728b)  -> (artifact id: '23f88b959a0162c975be271e0ae20576') in 0.048335 seconds 
========================================================================
Received Import Request.
  Time since last request: 0.000067 seconds.
  path: Assets/Prefabs/Chess.prefab
  artifactKey: Guid(efdbcde3cc7c5044d9d258fb2ffd9770) Importer(815301076,1909f56bfc062723c751e8b465ee728b)
Start importing Assets/Prefabs/Chess.prefab using Guid(efdbcde3cc7c5044d9d258fb2ffd9770) Importer(815301076,1909f56bfc062723c751e8b465ee728b)  -> (artifact id: 'e33c4542143f66bffc2a93693a0c6a37') in 0.100333 seconds 
========================================================================
Received Import Request.
  Time since last request: 0.000131 seconds.
  path: Assets/Prefabs/dinner_table.prefab
  artifactKey: Guid(3a83d399bd9a26749991bbb11f43da29) Importer(815301076,1909f56bfc062723c751e8b465ee728b)
Start importing Assets/Prefabs/dinner_table.prefab using Guid(3a83d399bd9a26749991bbb11f43da29) Importer(815301076,1909f56bfc062723c751e8b465ee728b)  -> (artifact id: 'bdf81b26b15ca8a487f7318268c5b803') in 0.138276 seconds 
========================================================================
Received Import Request.
  Time since last request: 0.000053 seconds.
  path: Assets/Prefabs/Armchair.prefab
  artifactKey: Guid(5111b50251940aa4e9627b58b322f68b) Importer(815301076,1909f56bfc062723c751e8b465ee728b)
Start importing Assets/Prefabs/Armchair.prefab using Guid(5111b50251940aa4e9627b58b322f68b) Importer(815301076,1909f56bfc062723c751e8b465ee728b)  -> (artifact id: 'f2320c5ebb694d04170cc0ef602c3c6c') in 0.142330 seconds 
========================================================================
Received Import Request.
  Time since last request: 0.000078 seconds.
  path: Assets/Prefabs/carpet_002.prefab
  artifactKey: Guid(5f5b02580e11775479695ead939b5025) Importer(815301076,1909f56bfc062723c751e8b465ee728b)
Start importing Assets/Prefabs/carpet_002.prefab using Guid(5f5b02580e11775479695ead939b5025) Importer(815301076,1909f56bfc062723c751e8b465ee728b)  -> (artifact id: '18a110510b2f9a2a7efe2768b2ca8777') in 0.276294 seconds 
========================================================================
Received Import Request.
  Time since last request: 0.000065 seconds.
  path: Assets/Prefabs/coffee_table.prefab
  artifactKey: Guid(240e8e2466dca8a4598a78edf12ede53) Importer(815301076,1909f56bfc062723c751e8b465ee728b)
Start importing Assets/Prefabs/coffee_table.prefab using Guid(240e8e2466dca8a4598a78edf12ede53) Importer(815301076,1909f56bfc062723c751e8b465ee728b)  -> (artifact id: '2a6e5d8f92e176d5a33159ab4228b5e2') in 0.079569 seconds 
========================================================================
Received Import Request.
  Time since last request: 0.000068 seconds.
  path: Assets/Prefabs/dishes.prefab
  artifactKey: Guid(6b7874bd57ee2a94f964e06078347d27) Importer(815301076,1909f56bfc062723c751e8b465ee728b)
Start importing Assets/Prefabs/dishes.prefab using Guid(6b7874bd57ee2a94f964e06078347d27) Importer(815301076,1909f56bfc062723c751e8b465ee728b)  -> (artifact id: '3a3466ca1b379b0702c0c88b6e8189a0') in 0.081302 seconds 
========================================================================
Received Import Request.
  Time since last request: 0.000069 seconds.
  path: Assets/Prefabs/Lamp.prefab
  artifactKey: Guid(13cb9468eb54d1d40a6198471bea4cc7) Importer(815301076,1909f56bfc062723c751e8b465ee728b)
Start importing Assets/Prefabs/Lamp.prefab using Guid(13cb9468eb54d1d40a6198471bea4cc7) Importer(815301076,1909f56bfc062723c751e8b465ee728b)  -> (artifact id: '29203d24ca5e6cda7d4bcb6af6dfa3bc') in 0.078422 seconds 
========================================================================
Received Import Request.
  Time since last request: 0.000041 seconds.
  path: Assets/Prefabs/Pc_Chair.prefab
  artifactKey: Guid(a26dfc29ea700f94fafb64ed600c649f) Importer(815301076,1909f56bfc062723c751e8b465ee728b)
Start importing Assets/Prefabs/Pc_Chair.prefab using Guid(a26dfc29ea700f94fafb64ed600c649f) Importer(815301076,1909f56bfc062723c751e8b465ee728b)  -> (artifact id: 'cfa84699576cfb567c02c5bfd4cc11c6') in 0.063383 seconds 
========================================================================
Received Import Request.
  Time since last request: 0.000053 seconds.
  path: Assets/Prefabs/painting.prefab
  artifactKey: Guid(f5414166aa00bed4bb12d0c607575936) Importer(815301076,1909f56bfc062723c751e8b465ee728b)
Start importing Assets/Prefabs/painting.prefab using Guid(f5414166aa00bed4bb12d0c607575936) Importer(815301076,1909f56bfc062723c751e8b465ee728b)  -> (artifact id: '6650d391693826bf5d4b36d62af96d82') in 0.111080 seconds 
========================================================================
Received Import Request.
  Time since last request: 0.000063 seconds.
  path: Assets/Prefabs/Sink.prefab
  artifactKey: Guid(5e39f524cb1be2b4ca6d774e55459fe1) Importer(815301076,1909f56bfc062723c751e8b465ee728b)
Start importing Assets/Prefabs/Sink.prefab using Guid(5e39f524cb1be2b4ca6d774e55459fe1) Importer(815301076,1909f56bfc062723c751e8b465ee728b)  -> (artifact id: 'a2d210e9a8920d03dfaee5d204d19bd6') in 0.061995 seconds 
========================================================================
Received Import Request.
  Time since last request: 0.000044 seconds.
  path: Assets/Prefabs/microwave.prefab
  artifactKey: Guid(ade315128311c524aba2f842ce96763b) Importer(815301076,1909f56bfc062723c751e8b465ee728b)
Start importing Assets/Prefabs/microwave.prefab using Guid(ade315128311c524aba2f842ce96763b) Importer(815301076,1909f56bfc062723c751e8b465ee728b)  -> (artifact id: '17cb8df1d6e97f90d1a373b7091f3ad0') in 0.068946 seconds 
========================================================================
Received Import Request.
  Time since last request: 0.000044 seconds.
  path: Assets/Prefabs/Mirror.prefab
  artifactKey: Guid(3faa3eb9f758f58409b51e7e9c9d74c1) Importer(815301076,1909f56bfc062723c751e8b465ee728b)
Start importing Assets/Prefabs/Mirror.prefab using Guid(3faa3eb9f758f58409b51e7e9c9d74c1) Importer(815301076,1909f56bfc062723c751e8b465ee728b)  -> (artifact id: '686dbf1ea91c6ff0cece83ef80d8f666') in 0.053684 seconds 
========================================================================
Received Import Request.
  Time since last request: 0.000060 seconds.
  path: Assets/Prefabs/Towel.prefab
  artifactKey: Guid(3b1922601cc4abf4fb0b9c92ce948251) Importer(815301076,1909f56bfc062723c751e8b465ee728b)
Start importing Assets/Prefabs/Towel.prefab using Guid(3b1922601cc4abf4fb0b9c92ce948251) Importer(815301076,1909f56bfc062723c751e8b465ee728b)  -> (artifact id: '8e0e3dfb2a4364b15621924949722c27') in 0.056764 seconds 
========================================================================
Received Import Request.
  Time since last request: 0.000271 seconds.
  path: Assets/Prefabs/kitchen_stuff.prefab
  artifactKey: Guid(27efceec5e535c14f8a529b99d67f277) Importer(815301076,1909f56bfc062723c751e8b465ee728b)
Start importing Assets/Prefabs/kitchen_stuff.prefab using Guid(27efceec5e535c14f8a529b99d67f277) Importer(815301076,1909f56bfc062723c751e8b465ee728b)  -> (artifact id: '64e749bbd29f69efcee7c39051b36e6d') in 0.066697 seconds 
========================================================================
Received Import Request.
  Time since last request: 0.000065 seconds.
  path: Assets/Prefabs/Laptop.prefab
  artifactKey: Guid(2f2f82a1954e5e241879b1bf610794ed) Importer(815301076,1909f56bfc062723c751e8b465ee728b)
Start importing Assets/Prefabs/Laptop.prefab using Guid(2f2f82a1954e5e241879b1bf610794ed) Importer(815301076,1909f56bfc062723c751e8b465ee728b)  -> (artifact id: '69d426b672d592b82dace1cc113b4f7c') in 0.056201 seconds 
========================================================================
Received Import Request.
  Time since last request: 0.000215 seconds.
  path: Assets/Prefabs/sofa.prefab
  artifactKey: Guid(bd767a3d4b6dd4045878acff83a34bf2) Importer(815301076,1909f56bfc062723c751e8b465ee728b)
Start importing Assets/Prefabs/sofa.prefab using Guid(bd767a3d4b6dd4045878acff83a34bf2) Importer(815301076,1909f56bfc062723c751e8b465ee728b)  -> (artifact id: '873c9a5eda6363274b80d04b26ccb21f') in 0.053545 seconds 
========================================================================
Received Import Request.
  Time since last request: 0.000049 seconds.
  path: Assets/Prefabs/Wardrobe.prefab
  artifactKey: Guid(73ce7e7eb1db04e47bce9964c84999be) Importer(815301076,1909f56bfc062723c751e8b465ee728b)
Start importing Assets/Prefabs/Wardrobe.prefab using Guid(73ce7e7eb1db04e47bce9964c84999be) Importer(815301076,1909f56bfc062723c751e8b465ee728b)  -> (artifact id: 'be53ea52b7286c48754c2783b6cfaf5e') in 0.047317 seconds 
========================================================================
Received Import Request.
  Time since last request: 0.000045 seconds.
  path: Assets/Prefabs/Tv_unit.prefab
  artifactKey: Guid(f5ff3690e7bd0d946a1210127ae6db6f) Importer(815301076,1909f56bfc062723c751e8b465ee728b)
Start importing Assets/Prefabs/Tv_unit.prefab using Guid(f5ff3690e7bd0d946a1210127ae6db6f) Importer(815301076,1909f56bfc062723c751e8b465ee728b)  -> (artifact id: 'cb7d3b21ab088cb8d11853a707d84a67') in 0.082248 seconds 
========================================================================
Received Import Request.
  Time since last request: 0.000063 seconds.
  path: Assets/Prefabs/sofa2.prefab
  artifactKey: Guid(7fa6c12fed6080446b420bfb9df14b79) Importer(815301076,1909f56bfc062723c751e8b465ee728b)
Start importing Assets/Prefabs/sofa2.prefab using Guid(7fa6c12fed6080446b420bfb9df14b79) Importer(815301076,1909f56bfc062723c751e8b465ee728b)  -> (artifact id: '10cc1470761c99bab713c31f8d9cbc3c') in 0.074382 seconds 
========================================================================
Received Import Request.
  Time since last request: 0.000067 seconds.
  path: Assets/Prefabs/vase.prefab
  artifactKey: Guid(82a596cffd4ca6442a890ddd74dc9973) Importer(815301076,1909f56bfc062723c751e8b465ee728b)
Start importing Assets/Prefabs/vase.prefab using Guid(82a596cffd4ca6442a890ddd74dc9973) Importer(815301076,1909f56bfc062723c751e8b465ee728b)  -> (artifact id: 'f62e5e739ef600c8a315f6fab5d3e5a5') in 0.075081 seconds 
========================================================================
Received Import Request.
  Time since last request: 0.000049 seconds.
  path: Assets/Prefabs/Pan.prefab
  artifactKey: Guid(2d842c6b77552624182b7a9fddb0ca8e) Importer(815301076,1909f56bfc062723c751e8b465ee728b)
Start importing Assets/Prefabs/Pan.prefab using Guid(2d842c6b77552624182b7a9fddb0ca8e) Importer(815301076,1909f56bfc062723c751e8b465ee728b)  -> (artifact id: '8028c1c36c398b9223135f44b0237617') in 0.046074 seconds 
========================================================================
Received Import Request.
  Time since last request: 0.000047 seconds.
  path: Assets/Prefabs/fridge.prefab
  artifactKey: Guid(71f2bad9b120a6642bc1e54570d5d0ec) Importer(815301076,1909f56bfc062723c751e8b465ee728b)
Start importing Assets/Prefabs/fridge.prefab using Guid(71f2bad9b120a6642bc1e54570d5d0ec) Importer(815301076,1909f56bfc062723c751e8b465ee728b)  -> (artifact id: '3c22c75d7a99c773d92642b976bb483b') in 0.190669 seconds 
========================================================================
Received Import Request.
  Time since last request: 0.000046 seconds.
  path: Assets/Prefabs/Washer.prefab
  artifactKey: Guid(6ff09d0bed45a4f4dbda5c97d4ea2965) Importer(815301076,1909f56bfc062723c751e8b465ee728b)
Start importing Assets/Prefabs/Washer.prefab using Guid(6ff09d0bed45a4f4dbda5c97d4ea2965) Importer(815301076,1909f56bfc062723c751e8b465ee728b)  -> (artifact id: '8c36096aa9bfe969fb124cff8f146a66') in 0.065956 seconds 
========================================================================
Received Import Request.
  Time since last request: 6.526085 seconds.
  path: Assets/Prefabs/House.prefab
  artifactKey: Guid(dc4392a8ea896e644bf92f6fe20313cb) Importer(815301076,1909f56bfc062723c751e8b465ee728b)
Start importing Assets/Prefabs/House.prefab using Guid(dc4392a8ea896e644bf92f6fe20313cb) Importer(815301076,1909f56bfc062723c751e8b465ee728b)  -> (artifact id: '12f3725267f29e6fcd33eb292b614c54') in 0.440311 seconds 
